<?xml version="1.0" encoding="UTF-8"?>
<!-- Generated by org.testng.reporters.JUnitXMLReporter -->
<testsuite hostname="A2ML36196" ignored="0" name="ApiDemo" tests="3" failures="0" timestamp="25 Oct 2021 12:12:28 GMT" time="38.274" errors="0">
  <testcase name="scrollTest" time="9.59" classname="com.qa.tests.ApiDemoTest"/>
  <testcase name="dragandDrop" time="11.592" classname="com.qa.tests.ApiDemoTest"/>
  <testcase name="touchgesturesTest" time="6.832" classname="com.qa.tests.ApiDemoTest"/>
</testsuite> <!-- ApiDemo -->
