<?xml version="1.0" encoding="UTF-8"?>
<!-- Generated by org.testng.reporters.JUnitXMLReporter -->
<testsuite hostname="A2ML36196" ignored="0" name="AmazonWeb" tests="3" failures="0" timestamp="22 Oct 2021 12:55:33 GMT" time="19.518" errors="0">
  <testcase name="@BeforeMethod beforeMethod" time="0.096" classname="com.qa.webtests.AmazonWebTest">
    <failure type="org.openqa.selenium.NoSuchSessionException" message="A session is either terminated or not started
Build info: version: &amp;apos;3.141.59&amp;apos;, revision: &amp;apos;e82be7d358&amp;apos;, time: &amp;apos;2018-11-14T08:17:03&amp;apos;
System info: host: &amp;apos;A2ML36196&amp;apos;, ip: &amp;apos;192.168.1.101&amp;apos;, os.name: &amp;apos;Windows 10&amp;apos;, os.arch: &amp;apos;amd64&amp;apos;, os.version: &amp;apos;10.0&amp;apos;, java.version: &amp;apos;1.8.0_291&amp;apos;
Driver info: io.appium.java_client.android.AndroidDriver
Capabilities {appActivity: io.appium.android.apis.ApiD..., appPackage: io.appium.android.apis, automationName: UiAutomator2, databaseEnabled: false, desired: {appActivity: io.appium.android.apis.ApiD..., appPackage: io.appium.android.apis, automationName: UiAutomator2, deviceName: Any Device Name, newCommandTimeout: 14, noReset: true, platformName: android}, deviceApiLevel: 29, deviceManufacturer: samsung, deviceModel: SM-G960F, deviceName: 213996502a057ece, deviceScreenDensity: 480, deviceScreenSize: 1080x2220, deviceUDID: 213996502a057ece, javascriptEnabled: true, locationContextEnabled: false, networkConnectionEnabled: true, newCommandTimeout: 14, noReset: true, pixelRatio: 3, platform: LINUX, platformName: Android, platformVersion: 10, statBarHeight: 72, takesScreenshot: true, viewportRect: {height: 2004, left: 0, top: 72, width: 1080}, warnings: {}, webStorageEnabled: false}
Session ID: 0dcbda1b-9925-4c7f-9000-2a532f7faa07">
      <![CDATA[org.openqa.selenium.NoSuchSessionException: A session is either terminated or not started
Build info: version: '3.141.59', revision: 'e82be7d358', time: '2018-11-14T08:17:03'
System info: host: 'A2ML36196', ip: '192.168.1.101', os.name: 'Windows 10', os.arch: 'amd64', os.version: '10.0', java.version: '1.8.0_291'
Driver info: io.appium.java_client.android.AndroidDriver
Capabilities {appActivity: io.appium.android.apis.ApiD..., appPackage: io.appium.android.apis, automationName: UiAutomator2, databaseEnabled: false, desired: {appActivity: io.appium.android.apis.ApiD..., appPackage: io.appium.android.apis, automationName: UiAutomator2, deviceName: Any Device Name, newCommandTimeout: 14, noReset: true, platformName: android}, deviceApiLevel: 29, deviceManufacturer: samsung, deviceModel: SM-G960F, deviceName: 213996502a057ece, deviceScreenDensity: 480, deviceScreenSize: 1080x2220, deviceUDID: 213996502a057ece, javascriptEnabled: true, locationContextEnabled: false, networkConnectionEnabled: true, newCommandTimeout: 14, noReset: true, pixelRatio: 3, platform: LINUX, platformName: Android, platformVersion: 10, statBarHeight: 72, takesScreenshot: true, viewportRect: {height: 2004, left: 0, top: 72, width: 1080}, warnings: {}, webStorageEnabled: false}
Session ID: 0dcbda1b-9925-4c7f-9000-2a532f7faa07
at org.openqa.selenium.remote.http.W3CHttpResponseCodec.createException(W3CHttpResponseCodec.java:187)
at org.openqa.selenium.remote.http.W3CHttpResponseCodec.decode(W3CHttpResponseCodec.java:122)
at org.openqa.selenium.remote.http.W3CHttpResponseCodec.decode(W3CHttpResponseCodec.java:49)
at org.openqa.selenium.remote.HttpCommandExecutor.execute(HttpCommandExecutor.java:158)
at io.appium.java_client.remote.AppiumCommandExecutor.execute(AppiumCommandExecutor.java:239)
at org.openqa.selenium.remote.RemoteWebDriver.execute(RemoteWebDriver.java:552)
at io.appium.java_client.DefaultGenericMobileDriver.execute(DefaultGenericMobileDriver.java:46)
at io.appium.java_client.AppiumDriver.execute(AppiumDriver.java:1)
at io.appium.java_client.android.AndroidDriver.execute(AndroidDriver.java:1)
at io.appium.java_client.HasSessionDetails.getSessionDetails(HasSessionDetails.java:39)
at io.appium.java_client.HasSessionDetails.getSessionDetail(HasSessionDetails.java:56)
at io.appium.java_client.HasSessionDetails.getPlatformName(HasSessionDetails.java:65)
at io.appium.java_client.pagefactory.AppiumFieldDecorator.<init>(AppiumFieldDecorator.java:96)
at io.appium.java_client.pagefactory.AppiumFieldDecorator.<init>(AppiumFieldDecorator.java:144)
at com.qa.BaseTest.<init>(BaseTest.java:44)
at com.qa.utils.TestUtils.<init>(TestUtils.java:29)
at com.qa.webtests.AmazonWebTest.beforeMethod(AmazonWebTest.java:55)
... Removed 32 stack frames]]>
    </failure>
  </testcase> <!-- @BeforeMethod beforeMethod -->
  <testcase name="@AfterMethod afterMethod" time="0.0" classname="com.qa.webtests.AmazonWebTest">
    <skipped/>
  </testcase> <!-- @AfterMethod afterMethod -->
  <testcase name="@BeforeMethod beforeMethod" time="0.0" classname="com.qa.webtests.AmazonWebTest">
    <skipped/>
  </testcase> <!-- @BeforeMethod beforeMethod -->
  <testcase name="@AfterMethod afterMethod" time="0.0" classname="com.qa.webtests.AmazonWebTest">
    <skipped/>
  </testcase> <!-- @AfterMethod afterMethod -->
  <testcase name="@BeforeMethod beforeMethod" time="0.0" classname="com.qa.webtests.AmazonWebTest">
    <skipped/>
  </testcase> <!-- @BeforeMethod beforeMethod -->
  <testcase name="@AfterMethod afterMethod" time="0.0" classname="com.qa.webtests.AmazonWebTest">
    <skipped/>
  </testcase> <!-- @AfterMethod afterMethod -->
  <testcase name="@AfterClass afterClass" time="0.0" classname="com.qa.webtests.AmazonWebTest">
    <skipped/>
  </testcase> <!-- @AfterClass afterClass -->
  <testcase name="@AfterTest afterTest" time="0.0" classname="com.qa.BaseTest3">
    <skipped/>
  </testcase> <!-- @AfterTest afterTest -->
  <testcase name="verifyAmazonLogoTest" time="0.0" classname="com.qa.webtests.AmazonWebTest">
    <skipped/>
  </testcase> <!-- verifyAmazonLogoTest -->
  <testcase name="searchItemsandVerifyTitleTest" time="0.0" classname="com.qa.webtests.AmazonWebTest">
    <skipped/>
  </testcase> <!-- searchItemsandVerifyTitleTest -->
  <testcase name="scrollToBottomTest" time="0.0" classname="com.qa.webtests.AmazonWebTest">
    <skipped/>
  </testcase> <!-- scrollToBottomTest -->
</testsuite> <!-- AmazonWeb -->
