<?xml version="1.0" encoding="UTF-8"?>
<!-- Generated by org.testng.reporters.JUnitXMLReporter -->
<testsuite hostname="A2ML36196" ignored="0" name="ApiDemo" tests="3" failures="0" timestamp="22 Oct 2021 12:55:13 GMT" time="35.741" errors="0">
  <testcase name="scrollTest" time="9.388" classname="com.qa.tests.ApiDemoTest"/>
  <testcase name="dragandDrop" time="11.38" classname="com.qa.tests.ApiDemoTest"/>
  <testcase name="touchgesturesTest" time="6.749" classname="com.qa.tests.ApiDemoTest"/>
</testsuite> <!-- ApiDemo -->
