<?xml version="1.0" encoding="UTF-8"?>
<!-- Generated by org.testng.reporters.JUnitXMLReporter -->
<testsuite hostname="DESKTOP-GJA9UDI" ignored="0" name="Test1" tests="3" failures="0" timestamp="2022-01-10T19:04:02 IST" time="33.514" errors="0">
  <testcase name="scrollTest" time="8.491" classname="com.qa.tests.ApiDemoTest"/>
  <testcase name="dragandDropTest" time="7.36" classname="com.qa.tests.ApiDemoTest"/>
  <testcase name="touchgesturesTest" time="6.609" classname="com.qa.tests.ApiDemoTest"/>
</testsuite> <!-- Test1 -->
