<?xml version="1.0" encoding="UTF-8"?>
<!-- Generated by org.testng.reporters.JUnitXMLReporter -->
<testsuite hostname="DESKTOP-GJA9UDI" ignored="0" name="Test1" tests="3" failures="0" timestamp="10 Jan 2022 13:52:33 GMT" time="38.853" errors="0">
  <testcase name="scrollTest" time="10.056" classname="com.qa.tests.ApiDemoTest"/>
  <testcase name="dragandDropTest" time="9.154" classname="com.qa.tests.ApiDemoTest"/>
  <testcase name="touchgesturesTest" time="7.058" classname="com.qa.tests.ApiDemoTest"/>
</testsuite> <!-- Test1 -->
