<?xml version="1.0" encoding="UTF-8"?>
<!-- Generated by org.testng.reporters.JUnitXMLReporter -->
<testsuite hostname="DESKTOP-GJA9UDI" ignored="0" name="Test1" tests="3" failures="1" timestamp="13 Jan 2022 17:47:23 GMT" time="33.985" errors="0">
  <testcase name="scrollTest" time="10.226" classname="com.qa.tests.ApiDemoTest"/>
  <testcase name="dragandDropTest" time="7.661" classname="com.qa.tests.ApiDemoTest">
    <failure type="java.lang.AssertionError" message="expected [Dropped] but found [Dropped!]">
      <![CDATA[java.lang.AssertionError: expected [Dropped] but found [Dropped!]
at com.qa.tests.ApiDemoTest.dragandDropTest(ApiDemoTest.java:87)
... Removed 35 stack frames]]>
    </failure>
  </testcase> <!-- dragandDropTest -->
  <testcase name="touchgesturesTest" time="2.387" classname="com.qa.tests.ApiDemoTest"/>
</testsuite> <!-- Test1 -->
