<?xml version="1.0" encoding="UTF-8"?>
<!-- Generated by org.testng.reporters.JUnitXMLReporter -->
<testsuite hostname="DESKTOP-GJA9UDI" ignored="0" name="Test" tests="3" failures="0" timestamp="13 Jan 2022 17:46:49 GMT" time="23.007" errors="0">
  <testcase name="@AfterTest tearDown" time="0.002" classname="com.qa.WebBaseTest">
    <failure type="java.lang.NullPointerException">
      <![CDATA[java.lang.NullPointerException
at com.qa.WebBaseTest.tearDown(WebBaseTest.java:200)
... Removed 28 stack frames]]>
    </failure>
  </testcase> <!-- @AfterTest tearDown -->
  <testcase name="verifyAmazonLogoTest" time="0.05" classname="com.qa.webtests.AmazonWebTest"/>
  <testcase name="searchItemsandVerifyTitleTest" time="3.026" classname="com.qa.webtests.AmazonWebTest"/>
  <testcase name="scrollToBottomTest" time="0.03" classname="com.qa.webtests.AmazonWebTest"/>
</testsuite> <!-- Test -->
