<?xml version="1.0" encoding="UTF-8"?>
<!-- Generated by org.testng.reporters.JUnitXMLReporter -->
<testsuite hostname="DESKTOP-GJA9UDI" ignored="0" name="Test" tests="3" failures="0" timestamp="10 Jan 2022 13:51:54 GMT" time="17.6" errors="0">
  <testcase name="@AfterTest tearDown" time="0.001" classname="com.qa.WebBaseTest">
    <failure type="java.lang.NullPointerException">
      <![CDATA[java.lang.NullPointerException
at com.qa.WebBaseTest.tearDown(WebBaseTest.java:187)
... Removed 28 stack frames]]>
    </failure>
  </testcase> <!-- @AfterTest tearDown -->
  <testcase name="verifyAmazonLogoTest" time="0.043" classname="com.qa.webtests.AmazonWebTest"/>
  <testcase name="searchItemsandVerifyTitleTest" time="3.013" classname="com.qa.webtests.AmazonWebTest"/>
  <testcase name="scrollToBottomTest" time="0.037" classname="com.qa.webtests.AmazonWebTest"/>
</testsuite> <!-- Test -->
