<?xml version="1.0" encoding="UTF-8"?>
<testsuite xmlns:xsi="http://www.w3.org/2001/XMLSchema-instance" xsi:noNamespaceSchemaLocation="https://maven.apache.org/surefire/maven-surefire-plugin/xsd/surefire-test-report-3.0.xsd" version="3.0" name="TestSuite" time="65.298" tests="7" errors="0" skipped="0" failures="1">
  <properties>
[...]
</properties>
  <testcase name="verifyAmazonLogoTest" classname="com.qa.webtests.AmazonWebTest" time="0.004">
    <system-out><![CDATA[...
... TestNG 6.14.3 by Cédric Beust (cedric@beust.com)
...

&amp#27;[35m[Appium]&amp#27;[39m Welcome to Appium v1.22.0
&amp#27;[35m[Appium]&amp#27;[39m Non-default server args:
&amp#27;[35m[Appium]&amp#27;[39m   logFile: C:\Users\Admin\Downloads\AppiumProject\AppiumProject\ServerLogs\server.log
&amp#27;[35m[Appium]&amp#27;[39m Appium REST http interface listener started on 0.0.0.0:4723
&amp#27;[35m[HTTP]&amp#27;[39m &amp#27;[37m-->&amp#27;[39m &amp#27;[37mGET&amp#27;[39m &amp#27;[37m/wd/hub/status&amp#27;[39m
&amp#27;[35m[HTTP]&amp#27;[39m &amp#27;[90m{}&amp#27;[39m
[debug] &amp#27;[35m[GENERIC]&amp#27;[39m Calling AppiumDriver.getStatus() with args: []
[debug] &amp#27;[35m[GENERIC]&amp#27;[39m Responding to client with driver.getStatus() result: {"build":{"version":"1.22.0"}}
&amp#27;[35m[HTTP]&amp#27;[39m &amp#27;[37m<-- GET /wd/hub/status &amp#27;[39m&amp#27;[32m200&amp#27;[39m &amp#27;[90m26 ms - 68&amp#27;[39m
&amp#27;[35m[HTTP]&amp#27;[39m &amp#27;[90m&amp#27;[39m
[INFO ] 2022-01-10 19:21:37.147 com.qa.WebBaseTest:66 - Appium server started
&amp#27;[35m[HTTP]&amp#27;[39m &amp#27;[37m-->&amp#27;[39m &amp#27;[37mPOST&amp#27;[39m &amp#27;[37m/wd/hub/session&amp#27;[39m
&amp#27;[35m[HTTP]&amp#27;[39m &amp#27;[90m{"desiredCapabilities":{"recreateChromeDriverSessions":true,"newCommandTimeout":60,"automationName":"UiAutomator2","browserName":"Chrome","appium:chromeOptions":{"w3c":false},"platformName":"Android","deviceName":"Any Device Name"},"capabilities":{"firstMatch":[{"appium:chromeOptions":{"w3c":false},"appium:automationName":"UiAutomator2","browserName":"Chrome","appium:deviceName":"Any Device Name","appium:newCommandTimeout":60,"platformName":"android","appium:recreateChromeDriverSessions":true}]}}&amp#27;[39m
[debug] &amp#27;[35m[W3C]&amp#27;[39m Calling AppiumDriver.createSession() with args: [{"recreateChromeDriverSessions":true,"newCommandTimeout":60,"automationName":"UiAutomator2","browserName":"Chrome","appium:chromeOptions":{"w3c":false},"platformName":"Android","deviceName":"Any Device Name"},null,{"firstMatch":[{"appium:chromeOptions":{"w3c":false},"appium:automationName":"UiAutomator2","browserName":"Chrome","appium:deviceName":"Any Device Name","appium:newCommandTimeout":60,"platformName":"android","appium:recreateChromeDriverSessions":true}]}]
[debug] &amp#27;[35m[BaseDriver]&amp#27;[39m Event 'newSessionRequested' logged at 1641822698850 (19:21:38 GMT+0530 (India Standard Time))
&amp#27;[35m[Appium]&amp#27;[39m Appium v1.22.0 creating new AndroidUiautomator2Driver (v1.69.0) session
[debug] &amp#27;[35m[BaseDriver]&amp#27;[39m W3C capabilities and MJSONWP desired capabilities were provided
[debug] &amp#27;[35m[BaseDriver]&amp#27;[39m Creating session with W3C capabilities: {
[debug] &amp#27;[35m[BaseDriver]&amp#27;[39m   "alwaysMatch": {
[debug] &amp#27;[35m[BaseDriver]&amp#27;[39m     "browserName": "Chrome",
[debug] &amp#27;[35m[BaseDriver]&amp#27;[39m     "platformName": "android",
[debug] &amp#27;[35m[BaseDriver]&amp#27;[39m     "appium:chromeOptions": {
[debug] &amp#27;[35m[BaseDriver]&amp#27;[39m       "w3c": false
[debug] &amp#27;[35m[BaseDriver]&amp#27;[39m     },
[debug] &amp#27;[35m[BaseDriver]&amp#27;[39m     "appium:automationName": "UiAutomator2",
[debug] &amp#27;[35m[BaseDriver]&amp#27;[39m     "appium:deviceName": "Any Device Name",
[debug] &amp#27;[35m[BaseDriver]&amp#27;[39m     "appium:newCommandTimeout": 60,
[debug] &amp#27;[35m[BaseDriver]&amp#27;[39m     "appium:recreateChromeDriverSessions": true
[debug] &amp#27;[35m[BaseDriver]&amp#27;[39m   },
[debug] &amp#27;[35m[BaseDriver]&amp#27;[39m   "firstMatch": [
[debug] &amp#27;[35m[BaseDriver]&amp#27;[39m     {}
[debug] &amp#27;[35m[BaseDriver]&amp#27;[39m   ]
[debug] &amp#27;[35m[BaseDriver]&amp#27;[39m }
&amp#27;[35m[BaseDriver]&amp#27;[39m Session created with session id: 74fcd9f2-ca7c-486d-ad85-5539c45bb5a8
&amp#27;[35m[UiAutomator2]&amp#27;[39m We're going to run a Chrome-based session
&amp#27;[35m[UiAutomator2]&amp#27;[39m Chrome-type package and activity are com.android.chrome and com.google.android.apps.chrome.Main
&amp#27;[35m[UiAutomator2]&amp#27;[39m Starting 'com.android.chrome' directly on the device
&amp#27;[35m[ADB]&amp#27;[39m Found 1 'build-tools' folders under 'C:\Users\Admin\AppData\Local\Android\Sdk' (newest first):
&amp#27;[35m[ADB]&amp#27;[39m     C:/Users/Admin/AppData/Local/Android/Sdk/build-tools/31.0.0
&amp#27;[35m[ADB]&amp#27;[39m Using 'adb.exe' from 'C:\Users\Admin\AppData\Local\Android\Sdk\platform-tools\adb.exe'
[debug] &amp#27;[35m[ADB]&amp#27;[39m Running 'C:\Users\Admin\AppData\Local\Android\Sdk\platform-tools\adb.exe -P 5037 start-server'
&amp#27;[35m[AndroidDriver]&amp#27;[39m Retrieving device list
[debug] &amp#27;[35m[ADB]&amp#27;[39m Trying to find a connected android device
[debug] &amp#27;[35m[ADB]&amp#27;[39m Getting connected devices
[debug] &amp#27;[35m[ADB]&amp#27;[39m Connected devices: [{"udid":"213996502a057ece","state":"device"}]
&amp#27;[35m[AndroidDriver]&amp#27;[39m Using device: 213996502a057ece
&amp#27;[35m[ADB]&amp#27;[39m Using 'adb.exe' from 'C:\Users\Admin\AppData\Local\Android\Sdk\platform-tools\adb.exe'
[debug] &amp#27;[35m[ADB]&amp#27;[39m Running 'C:\Users\Admin\AppData\Local\Android\Sdk\platform-tools\adb.exe -P 5037 start-server'
[debug] &amp#27;[35m[ADB]&amp#27;[39m Setting device id to 213996502a057ece
[debug] &amp#27;[35m[ADB]&amp#27;[39m Running 'C:\Users\Admin\AppData\Local\Android\Sdk\platform-tools\adb.exe -P 5037 -s 213996502a057ece shell getprop ro.build.version.sdk'
[debug] &amp#27;[35m[ADB]&amp#27;[39m Current device property 'ro.build.version.sdk': 29
&amp#27;[35m[ADB]&amp#27;[39m Getting device platform version
[debug] &amp#27;[35m[ADB]&amp#27;[39m Running 'C:\Users\Admin\AppData\Local\Android\Sdk\platform-tools\adb.exe -P 5037 -s 213996502a057ece shell getprop ro.build.version.release'
[debug] &amp#27;[35m[ADB]&amp#27;[39m Current device property 'ro.build.version.release': 10
[debug] &amp#27;[35m[ADB]&amp#27;[39m Device API level: 29
&amp#27;[35m[UiAutomator2]&amp#27;[39m Relaxing hidden api policy
[debug] &amp#27;[35m[ADB]&amp#27;[39m Running 'C:\Users\Admin\AppData\Local\Android\Sdk\platform-tools\adb.exe -P 5037 -s 213996502a057ece shell 'settings put global hidden_api_policy_pre_p_apps 1;settings put global hidden_api_policy_p_apps 1;settings put global hidden_api_policy 1''
&amp#27;[35m[AndroidDriver]&amp#27;[39m No app sent in, not parsing package/activity
[debug] &amp#27;[35m[ADB]&amp#27;[39m Running 'C:\Users\Admin\AppData\Local\Android\Sdk\platform-tools\adb.exe -P 5037 -s 213996502a057ece wait-for-device'
[debug] &amp#27;[35m[ADB]&amp#27;[39m Running 'C:\Users\Admin\AppData\Local\Android\Sdk\platform-tools\adb.exe -P 5037 -s 213996502a057ece shell echo ping'
[debug] &amp#27;[35m[AndroidDriver]&amp#27;[39m Pushing settings apk to device...
[debug] &amp#27;[35m[ADB]&amp#27;[39m Getting install status for io.appium.settings
[debug] &amp#27;[35m[ADB]&amp#27;[39m Running 'C:\Users\Admin\AppData\Local\Android\Sdk\platform-tools\adb.exe -P 5037 -s 213996502a057ece shell dumpsys package io.appium.settings'
[debug] &amp#27;[35m[ADB]&amp#27;[39m 'io.appium.settings' is installed
[debug] &amp#27;[35m[ADB]&amp#27;[39m Getting package info for 'io.appium.settings'
[debug] &amp#27;[35m[ADB]&amp#27;[39m Running 'C:\Users\Admin\AppData\Local\Android\Sdk\platform-tools\adb.exe -P 5037 -s 213996502a057ece shell dumpsys package io.appium.settings'
[debug] &amp#27;[35m[ADB]&amp#27;[39m The version name of the installed 'io.appium.settings' is greater or equal to the application version name ('3.4.0' >= '3.4.0')
[debug] &amp#27;[35m[ADB]&amp#27;[39m There is no need to install/upgrade 'C:\Users\Admin\AppData\Roaming\npm\node_modules\appium\node_modules\io.appium.settings\apks\settings_apk-debug.apk'
[debug] &amp#27;[35m[ADB]&amp#27;[39m Getting IDs of all 'io.appium.settings' processes
[debug] &amp#27;[35m[ADB]&amp#27;[39m Running 'C:\Users\Admin\AppData\Local\Android\Sdk\platform-tools\adb.exe -P 5037 -s 213996502a057ece shell 'pgrep --help; echo $?''
[debug] &amp#27;[35m[ADB]&amp#27;[39m Running 'C:\Users\Admin\AppData\Local\Android\Sdk\platform-tools\adb.exe -P 5037 -s 213996502a057ece shell pgrep -f \(\[\[:blank:\]\]\|\^\)io\.appium\.settings\(\[\[:blank:\]\]\|\$\)'
[debug] &amp#27;[35m[AndroidDriver]&amp#27;[39m io.appium.settings is already running. There is no need to reset its permissions.
[debug] &amp#27;[35m[ADB]&amp#27;[39m Running 'C:\Users\Admin\AppData\Local\Android\Sdk\platform-tools\adb.exe -P 5037 -s 213996502a057ece shell appops set io.appium.settings android:mock_location allow'
[debug] &amp#27;[35m[Logcat]&amp#27;[39m Starting logs capture with command: C:\\Users\\Admin\\AppData\\Local\\Android\\Sdk\\platform-tools\\adb.exe -P 5037 -s 213996502a057ece logcat -v threadtime
[debug] &amp#27;[35m[UiAutomator2]&amp#27;[39m Forwarding UiAutomator2 Server port 6790 to local port 8201
[debug] &amp#27;[35m[ADB]&amp#27;[39m Forwarding system: 8201 to device: 6790
[debug] &amp#27;[35m[ADB]&amp#27;[39m Running 'C:\Users\Admin\AppData\Local\Android\Sdk\platform-tools\adb.exe -P 5037 -s 213996502a057ece forward tcp:8201 tcp:6790'
[debug] &amp#27;[35m[ADB]&amp#27;[39m Getting install status for io.appium.uiautomator2.server
[debug] &amp#27;[35m[ADB]&amp#27;[39m Running 'C:\Users\Admin\AppData\Local\Android\Sdk\platform-tools\adb.exe -P 5037 -s 213996502a057ece shell dumpsys package io.appium.uiautomator2.server'
[debug] &amp#27;[35m[ADB]&amp#27;[39m 'io.appium.uiautomator2.server' is installed
[debug] &amp#27;[35m[ADB]&amp#27;[39m Getting package info for 'io.appium.uiautomator2.server'
[debug] &amp#27;[35m[ADB]&amp#27;[39m Running 'C:\Users\Admin\AppData\Local\Android\Sdk\platform-tools\adb.exe -P 5037 -s 213996502a057ece shell dumpsys package io.appium.uiautomator2.server'
[debug] &amp#27;[35m[ADB]&amp#27;[39m The version name of the installed 'io.appium.uiautomator2.server' is greater or equal to the application version name ('4.24.0' >= '4.24.0')
[debug] &amp#27;[35m[UiAutomator2]&amp#27;[39m io.appium.uiautomator2.server installation state: sameVersionInstalled
[debug] &amp#27;[35m[ADB]&amp#27;[39m Checking app cert for C:\Users\Admin\AppData\Roaming\npm\node_modules\appium\node_modules\appium-uiautomator2-server\apks\appium-uiautomator2-server-v4.24.0.apk
&amp#27;[35m[ADB]&amp#27;[39m Using 'apksigner.jar' from 'C:\Users\Admin\AppData\Local\Android\Sdk\build-tools\31.0.0\lib\apksigner.jar'
[debug] &amp#27;[35m[ADB]&amp#27;[39m Starting apksigner: 'C:\\Program Files\\Java\\jdk1.8.0_301\\bin\\java.exe' -Xmx1024M -Xss1m -jar C:\\Users\\Admin\\AppData\\Local\\Android\\Sdk\\build-tools\\31.0.0\\lib\\apksigner.jar verify --print-certs C:\\Users\\Admin\\AppData\\Roaming\\npm\\node_modules\\appium\\node_modules\\appium-uiautomator2-server\\apks\\appium-uiautomator2-server-v4.24.0.apk
[debug] &amp#27;[35m[ADB]&amp#27;[39m apksigner stdout: Signer #1 certificate DN: EMAILADDRESS=android@android.com, CN=Android, OU=Android, O=Android, L=Mountain View, ST=California, C=US
[debug] &amp#27;[35m[ADB]&amp#27;[39m Signer #1 certificate SHA-256 digest: a40da80a59d170caa950cf15c18c454d47a39b26989d8b640ecd745ba71bf5dc
[debug] &amp#27;[35m[ADB]&amp#27;[39m Signer #1 certificate SHA-1 digest: 61ed377e85d386a8dfee6b864bd85b0bfaa5af81
[debug] &amp#27;[35m[ADB]&amp#27;[39m Signer #1 certificate MD5 digest: e89b158e4bcf988ebd09eb83f5378e87
[debug] &amp#27;[35m[ADB]&amp#27;[39m 
[debug] &amp#27;[35m[ADB]&amp#27;[39m sha256 hash did match for 'appium-uiautomator2-server-v4.24.0.apk'
&amp#27;[35m[ADB]&amp#27;[39m 'C:\Users\Admin\AppData\Roaming\npm\node_modules\appium\node_modules\appium-uiautomator2-server\apks\appium-uiautomator2-server-v4.24.0.apk' is signed with the default certificate
[debug] &amp#27;[35m[ADB]&amp#27;[39m Getting install status for io.appium.uiautomator2.server.test
[debug] &amp#27;[35m[ADB]&amp#27;[39m Running 'C:\Users\Admin\AppData\Local\Android\Sdk\platform-tools\adb.exe -P 5037 -s 213996502a057ece shell dumpsys package io.appium.uiautomator2.server.test'
[debug] &amp#27;[35m[ADB]&amp#27;[39m 'io.appium.uiautomator2.server.test' is installed
[debug] &amp#27;[35m[ADB]&amp#27;[39m Checking app cert for C:\Users\Admin\AppData\Roaming\npm\node_modules\appium\node_modules\appium-uiautomator2-server\apks\appium-uiautomator2-server-debug-androidTest.apk
[debug] &amp#27;[35m[ADB]&amp#27;[39m Starting apksigner: 'C:\\Program Files\\Java\\jdk1.8.0_301\\bin\\java.exe' -Xmx1024M -Xss1m -jar C:\\Users\\Admin\\AppData\\Local\\Android\\Sdk\\build-tools\\31.0.0\\lib\\apksigner.jar verify --print-certs C:\\Users\\Admin\\AppData\\Roaming\\npm\\node_modules\\appium\\node_modules\\appium-uiautomator2-server\\apks\\appium-uiautomator2-server-debug-androidTest.apk
[debug] &amp#27;[35m[ADB]&amp#27;[39m apksigner stdout: Signer #1 certificate DN: EMAILADDRESS=android@android.com, CN=Android, OU=Android, O=Android, L=Mountain View, ST=California, C=US
[debug] &amp#27;[35m[ADB]&amp#27;[39m Signer #1 certificate SHA-256 digest: a40da80a59d170caa950cf15c18c454d47a39b26989d8b640ecd745ba71bf5dc
[debug] &amp#27;[35m[ADB]&amp#27;[39m Signer #1 certificate SHA-1 digest: 61ed377e85d386a8dfee6b864bd85b0bfaa5af81
[debug] &amp#27;[35m[ADB]&amp#27;[39m Signer #1 certificate MD5 digest: e89b158e4bcf988ebd09eb83f5378e87
[debug] &amp#27;[35m[ADB]&amp#27;[39m 
[debug] &amp#27;[35m[ADB]&amp#27;[39m sha256 hash did match for 'appium-uiautomator2-server-debug-androidTest.apk'
&amp#27;[35m[ADB]&amp#27;[39m 'C:\Users\Admin\AppData\Roaming\npm\node_modules\appium\node_modules\appium-uiautomator2-server\apks\appium-uiautomator2-server-debug-androidTest.apk' is signed with the default certificate
&amp#27;[35m[UiAutomator2]&amp#27;[39m Server packages are not going to be (re)installed
[debug] &amp#27;[35m[UiAutomator2]&amp#27;[39m Waiting up to 30000ms for services to be available
[debug] &amp#27;[35m[ADB]&amp#27;[39m Running 'C:\Users\Admin\AppData\Local\Android\Sdk\platform-tools\adb.exe -P 5037 -s 213996502a057ece shell pm list instrumentation'
[debug] &amp#27;[35m[UiAutomator2]&amp#27;[39m Instrumentation target 'io.appium.uiautomator2.server.test/androidx.test.runner.AndroidJUnitRunner' is available
&amp#27;[35m[ADB]&amp#27;[39m Adding packages ["io.appium.settings","io.appium.uiautomator2.server","io.appium.uiautomator2.server.test"] to Doze whitelist
[debug] &amp#27;[35m[ADB]&amp#27;[39m Got the following command chunks to execute: [["dumpsys","deviceidle","whitelist","+io.appium.settings",";","dumpsys","deviceidle","whitelist","+io.appium.uiautomator2.server",";","dumpsys","deviceidle","whitelist","+io.appium.uiautomator2.server.test",";"]]
[debug] &amp#27;[35m[ADB]&amp#27;[39m Running 'C:\Users\Admin\AppData\Local\Android\Sdk\platform-tools\adb.exe -P 5037 -s 213996502a057ece shell dumpsys deviceidle whitelist +io.appium.settings ; dumpsys deviceidle whitelist +io.appium.uiautomator2.server ; dumpsys deviceidle whitelist +io.appium.uiautomator2.server.test ;'
[debug] &amp#27;[35m[UiAutomator2]&amp#27;[39m No app capability. Assuming it is already on the device
[debug] &amp#27;[35m[ADB]&amp#27;[39m Getting install status for com.android.chrome
[debug] &amp#27;[35m[ADB]&amp#27;[39m Running 'C:\Users\Admin\AppData\Local\Android\Sdk\platform-tools\adb.exe -P 5037 -s 213996502a057ece shell dumpsys package com.android.chrome'
[debug] &amp#27;[35m[ADB]&amp#27;[39m 'com.android.chrome' is installed
[debug] &amp#27;[35m[ADB]&amp#27;[39m Running 'C:\Users\Admin\AppData\Local\Android\Sdk\platform-tools\adb.exe -P 5037 -s 213996502a057ece shell am force-stop com.android.chrome'
[debug] &amp#27;[35m[ADB]&amp#27;[39m Running 'C:\Users\Admin\AppData\Local\Android\Sdk\platform-tools\adb.exe -P 5037 -s 213996502a057ece shell pm clear com.android.chrome'
[debug] &amp#27;[35m[AndroidDriver]&amp#27;[39m Performed fast reset on the installed 'com.android.chrome' application (stop and clear)
[debug] &amp#27;[35m[UiAutomator2]&amp#27;[39m Performing shallow cleanup of automation leftovers
[debug] &amp#27;[35m[UiAutomator2]&amp#27;[39m The following obsolete sessions are still running: ["b0767fd5-c17f-4f84-a03b-8b1274a49018"]
[debug] &amp#27;[35m[UiAutomator2]&amp#27;[39m Cleaning up 1 obsolete session
[debug] &amp#27;[35m[ADB]&amp#27;[39m Running 'C:\Users\Admin\AppData\Local\Android\Sdk\platform-tools\adb.exe -P 5037 -s 213996502a057ece shell am force-stop io.appium.uiautomator2.server.test'
&amp#27;[35m[UiAutomator2]&amp#27;[39m Starting UIAutomator2 server 4.24.0
&amp#27;[35m[UiAutomator2]&amp#27;[39m Using UIAutomator2 server from 'C:\Users\Admin\AppData\Roaming\npm\node_modules\appium\node_modules\appium-uiautomator2-server\apks\appium-uiautomator2-server-v4.24.0.apk' and test from 'C:\Users\Admin\AppData\Roaming\npm\node_modules\appium\node_modules\appium-uiautomator2-server\apks\appium-uiautomator2-server-debug-androidTest.apk'
&amp#27;[35m[UiAutomator2]&amp#27;[39m Waiting up to 30000ms for UiAutomator2 to be online...
[debug] &amp#27;[35m[ADB]&amp#27;[39m Creating ADB subprocess with args: ["-P",5037,"-s","213996502a057ece","shell","am","instrument","-w","-e","disableAnalytics",true,"io.appium.uiautomator2.server.test/androidx.test.runner.AndroidJUnitRunner"]
[debug] &amp#27;[35m[WD Proxy]&amp#27;[39m Matched '/status' to command name 'getStatus'
[debug] &amp#27;[35m[WD Proxy]&amp#27;[39m Proxying [GET /status] to [GET http://127.0.0.1:8201/wd/hub/status] with no body
&amp#27;[35m[WD Proxy]&amp#27;[39m socket hang up
[debug] &amp#27;[35m[WD Proxy]&amp#27;[39m Matched '/status' to command name 'getStatus'
[debug] &amp#27;[35m[WD Proxy]&amp#27;[39m Proxying [GET /status] to [GET http://127.0.0.1:8201/wd/hub/status] with no body
[debug] &amp#27;[35m[Instrumentation]&amp#27;[39m io.appium.uiautomator2.server.test.AppiumUiAutomator2Server:
&amp#27;[35m[WD Proxy]&amp#27;[39m socket hang up
[debug] &amp#27;[35m[WD Proxy]&amp#27;[39m Matched '/status' to command name 'getStatus'
[debug] &amp#27;[35m[WD Proxy]&amp#27;[39m Proxying [GET /status] to [GET http://127.0.0.1:8201/wd/hub/status] with no body
&amp#27;[35m[WD Proxy]&amp#27;[39m socket hang up
[debug] &amp#27;[35m[WD Proxy]&amp#27;[39m Matched '/status' to command name 'getStatus'
[debug] &amp#27;[35m[WD Proxy]&amp#27;[39m Proxying [GET /status] to [GET http://127.0.0.1:8201/wd/hub/status] with no body
[debug] &amp#27;[35m[WD Proxy]&amp#27;[39m Got response with status 200: {"sessionId":"None","value":{"message":"UiAutomator2 Server is ready to accept commands","ready":true}}
[debug] &amp#27;[35m[UiAutomator2]&amp#27;[39m The initialization of the instrumentation process took 3171ms
[debug] &amp#27;[35m[WD Proxy]&amp#27;[39m Matched '/session' to command name 'createSession'
[debug] &amp#27;[35m[WD Proxy]&amp#27;[39m Proxying [POST /session] to [POST http://127.0.0.1:8201/wd/hub/session] with body: {"capabilities":{"firstMatch":[{"platform":"LINUX","webStorageEnabled":false,"takesScreenshot":true,"javascriptEnabled":true,"databaseEnabled":false,"networkConnectionEnabled":true,"locationContextEnabled":false,"warnings":{},"desired":{"browserName":"Chrome","platformName":"android","chromeOptions":{"w3c":false},"automationName":"UiAutomator2","deviceName":"Any Device Name","newCommandTimeout":60,"recreateChromeDriverSessions":true},"browserName":"Chrome","platformName":"android","chromeOptions":{"w3c":false},"automationName":"UiAutomator2","deviceName":"213996502a057ece","newCommandTimeout":60,"recreateChromeDriverSessions":true,"appPackage":"com.android.chrome","appActivity":"com.google.android.apps.chrome.Main","deviceUDID":"213996502a057ece"}],"alwaysMatch":{}}}
[debug] &amp#27;[35m[WD Proxy]&amp#27;[39m Got response with status 200: {"sessionId":"8db52848-d357-4ae9-8c07-4fd5ecac4fc9","value":{"capabilities":{"firstMatch":[{"platform":"LINUX","webStorageEnabled":false,"takesScreenshot":true,"javascriptEnabled":true,"databaseEnabled":false,"networkConnectionEnabled":true,"locationContextEnabled":false,"warnings":{},"desired":{"browserName":"Chrome","platformName":"android","chromeOptions":{"w3c":false},"automationName":"UiAutomator2","deviceName":"Any Device Name","newCommandTimeout":60,"recreateChromeDriverSessions":true},"browserName":"Chrome","platformName":"android","chromeOptions":{"w3c":false},"automationName":"UiAutomator2","deviceName":"213996502a057ece","newCommandTimeout":60,"recreateChromeDriverSessions":true,"appPackage":"com.android.chrome","appActivity":"com.google.android.apps.chrome.Main","deviceUDID":"213996502a057ece"}],"alwaysMatch":{}},"sessionId":"8db52848-d357-4ae9-8c07-4fd5ecac4fc9"}}
&amp#27;[35m[WD Proxy]&amp#27;[39m Determined the downstream protocol as 'W3C'
[debug] &amp#27;[35m[WD Proxy]&amp#27;[39m Proxying [GET /appium/device/info] to [GET http://127.0.0.1:8201/wd/hub/session/8db52848-d357-4ae9-8c07-4fd5ecac4fc9/appium/device/info] with no body
[debug] &amp#27;[35m[WD Proxy]&amp#27;[39m Got response with status 200: {"sessionId":"8db52848-d357-4ae9-8c07-4fd5ecac4fc9","value":{"androidId":"09c895d31ded67c0","apiVersion":"29","bluetooth":{"state":"ON"},"brand":"samsung","carrierName":"","displayDensity":480,"locale":"en_GB","manufacturer":"samsung","model":"SM-G960F","networks":[{"capabilities":{"SSID":null,"linkDownBandwidthKbps":1048576,"linkUpstreamBandwidthKbps":1048576,"networkCapabilities":"NET_CAPABILITY_NOT_METERED,NET_CAPABILITY_INTERNET,NET_CAPABILITY_NOT_RESTRICTED,NET_CAPABILITY_TRUSTED,NET_CAPABILITY_NOT_VPN,NET_CAPABILITY_VALIDATED,NET_CAPABILITY_NOT_ROAMING,NET_CAPABILITY_FOREGROUND,NET_CAPABILITY_NOT_CONGESTED,NET_CAPABILITY_NOT_SUSPENDED","signalStrength":-59,"transportTypes":"TRANSPORT_WIFI"},"detailedState":"CONNECTED","extraInfo":null,"isAvailable":true,"isConnected":true,"isFailover":false,"isRoaming":false,"state":"CONNECTED","subtype":0,"subtypeName":"","type":1,"typeName":"WIFI"}],"platformVersion":"10","realDisplaySize":"1080x2220","timeZone":"Asia/Kolkata"}}
[debug] &amp#27;[35m[ADB]&amp#27;[39m Running 'C:\Users\Admin\AppData\Local\Android\Sdk\platform-tools\adb.exe -P 5037 -s 213996502a057ece shell dumpsys window'
&amp#27;[35m[AndroidDriver]&amp#27;[39m Screen already unlocked, doing nothing
&amp#27;[35m[AndroidDriver]&amp#27;[39m Starting a chrome-based browser session
[debug] &amp#27;[35m[AndroidDriver]&amp#27;[39m A port was not given, using random free port: 8000
[debug] &amp#27;[35m[AndroidDriver]&amp#27;[39m Automated Chromedriver download is disabled. Use 'chromedriver_autodownload' server feature to enable it
[debug] &amp#27;[35m[AndroidDriver]&amp#27;[39m Precalculated Chromedriver capabilities: {
[debug] &amp#27;[35m[AndroidDriver]&amp#27;[39m   "androidPackage": "com.android.chrome",
[debug] &amp#27;[35m[AndroidDriver]&amp#27;[39m   "androidDeviceSerial": "213996502a057ece"
[debug] &amp#27;[35m[AndroidDriver]&amp#27;[39m }
[debug] &amp#27;[35m[AndroidDriver]&amp#27;[39m Before starting chromedriver, androidPackage is 'com.android.chrome'
[debug] &amp#27;[35m[Chromedriver]&amp#27;[39m Changed state to 'starting'
[debug] &amp#27;[35m[Chromedriver]&amp#27;[39m Using the static Chromedriver->Chrome mapping
[debug] &amp#27;[35m[Chromedriver]&amp#27;[39m The most recent known Chrome version: 91.0.4472
[debug] &amp#27;[35m[Chromedriver]&amp#27;[39m Found 1 executable in 'C:\Users\Admin\AppData\Roaming\npm\node_modules\appium\node_modules\appium-chromedriver\chromedriver\win'
[debug] &amp#27;[35m[Chromedriver]&amp#27;[39m The following Chromedriver executables were found:
[debug] &amp#27;[35m[Chromedriver]&amp#27;[39m     'C:/Users/Admin/AppData/Roaming/npm/node_modules/appium/node_modules/appium-chromedriver/chromedriver/win/chromedriver.exe' (version '94.0.4606.61', minimum Chrome version '94')
&amp#27;[35m[Chromedriver]&amp#27;[39m Found 1 Chromedriver, which is missing in the list of known versions: {"94.0.4606.61":"94"}
[debug] &amp#27;[35m[ADB]&amp#27;[39m Getting package info for 'com.android.chrome'
[debug] &amp#27;[35m[ADB]&amp#27;[39m Running 'C:\Users\Admin\AppData\Local\Android\Sdk\platform-tools\adb.exe -P 5037 -s 213996502a057ece shell dumpsys package com.android.chrome'
[debug] &amp#27;[35m[Chromedriver]&amp#27;[39m Found Chrome bundle 'com.android.chrome' version '97.0.4692'
[debug] &amp#27;[35m[Chromedriver]&amp#27;[39m Error: No Chromedriver found that can automate Chrome '97.0.4692'. You could also try to enable automated chromedrivers download server feature. See https://github.com/appium/appium/blob/master/docs/en/writing-running-appium/web/chromedriver.md for more details
[debug] &amp#27;[35m[Chromedriver]&amp#27;[39m     at Chromedriver.getCompatibleChromedriver (C:\Users\Admin\AppData\Roaming\npm\node_modules\appium\node_modules\appium-chromedriver\lib\chromedriver.js:367:15)
[debug] &amp#27;[35m[Chromedriver]&amp#27;[39m     at Chromedriver.initChromedriverPath (C:\Users\Admin\AppData\Roaming\npm\node_modules\appium\node_modules\appium-chromedriver\lib\chromedriver.js:391:11)
[debug] &amp#27;[35m[Chromedriver]&amp#27;[39m     at Chromedriver.start (C:\Users\Admin\AppData\Roaming\npm\node_modules\appium\node_modules\appium-chromedriver\lib\chromedriver.js:456:7)
[debug] &amp#27;[35m[Chromedriver]&amp#27;[39m     at AndroidUiautomator2Driver.setupNewChromedriver (C:\Users\Admin\AppData\Roaming\npm\node_modules\appium\node_modules\appium-android-driver\lib\commands\context.js:472:3)
[debug] &amp#27;[35m[Chromedriver]&amp#27;[39m     at AndroidUiautomator2Driver.startChromeSession (C:\Users\Admin\AppData\Roaming\npm\node_modules\appium\node_modules\appium-android-driver\lib\commands\context.js:326:23)
[debug] &amp#27;&amp#27;[3[5m3[5Cmh[rCohmredormievderri]v&amp#27;[e39m     at AndroidUiautomator2Driver.startUiAutomator2Session (C:\Users\Admin\AppData\Roaming\npm\node_modules\appium\node_modules\appium-uiautomator2-driver\lib\driver.js:429:7)
[debug] &amp#27;[35m[Chromedriver]&amp#27;[39m     at AndroidUiautomator2Driver.createSession (C:\Users\Admin\AppData\Roaming\npm\node_modules\appium\node_modules\appium-uiautomator2-driver\lib\driver.js:229:7)
[debug] &amp#27;[35m[Chromedriver]&amp#27;[39m     at AppiumDriver.createSession (C:\Users\Admin\AppData\Roaming\npm\node_modules\appium\lib\appium.js:387:35)
[debug] &amp#27;[35m[UiAutomator2]&amp#27;[39m Deleting UiAutomator2 session
r]&amp#27;[39m No Chromedriver found that can automate Chrome '97.0.4692'. You could also try to enable automated chromedrivers download server feature. See https://github.com/appium/appium/blob/master/docs/en/writing-running-appium/web/chromedriver.md for more details
[debug] &amp#27;[35m[UiAutomator2]&amp#27;[39m Deleting UiAutomator2 server session
[debug] &amp#27;[35m[WD Proxy]&amp#27;[39m Matched '/' to command name 'deleteSession'
[debug] &amp#27;[35m[WD Proxy]&amp#27;[39m Proxying [DELETE /] to [DELETE http://127.0.0.1:8201/wd/hub/session/8db52848-d357-4ae9-8c07-4fd5ecac4fc9] with no body
[debug] &amp#27;[35m[WD Proxy]&amp#27;[39m Got response with status 200: {"sessionId":"8db52848-d357-4ae9-8c07-4fd5ecac4fc9","value":null}
[debug] &amp#27;[35m[Logcat]&amp#27;[39m Stopping logcat capture
[debug] &amp#27;[35m[ADB]&amp#27;[39m Removing forwarded port socket connection: 8201 
[debug] &amp#27;[35m[ADB]&amp#27;[39m Running 'C:\Users\Admin\AppData\Local\Android\Sdk\platform-tools\adb.exe -P 5037 -s 213996502a057ece forward --remove tcp:8201'
&amp#27;[35m[UiAutomator2]&amp#27;[39m Restoring hidden api policy to the device default configuration
[debug] &amp#27;[35m[ADB]&amp#27;[39m Running 'C:\Users\Admin\AppData\Local\Android\Sdk\platform-tools\adb.exe -P 5037 -s 213996502a057ece shell 'settings delete global hidden_api_policy_pre_p_apps;settings delete global hidden_api_policy_p_apps;settings delete global hidden_api_policy''
[debug] &amp#27;[35m[Instrumentation]&amp#27;[39m .
[debug] &amp#27;[35m[Instrumentation]&amp#27;[39m Time: 3.109
[debug] &amp#27;[35m[Instrumentation]&amp#27;[39m 
[debug] &amp#27;[35m[Instrumentation]&amp#27;[39m OK (1 test)
[debug] &amp#27;[35m[Instrumentation]&amp#27;[39m The process has exited with code 0
[debug] &amp#27;[35m[BaseDriver]&amp#27;[39m Event 'newSessionStarted' logged at 1641822711169 (19:21:51 GMT+0530 (India Standard Time))
[debug] &amp#27;[35m[W3C]&amp#27;[39m Encountered internal error running command: Error: No Chromedriver found that can automate Chrome '97.0.4692'. You could also try to enable automated chromedrivers download server feature. See https://github.com/appium/appium/blob/master/docs/en/writing-running-appium/web/chromedriver.md for more details
[debug] &amp#27;[35m[W3C]&amp#27;[39m     at Object.errorAndThrow (C:\Users\Admin\AppData\Roaming\npm\node_modules\appium\node_modules\appium-support\lib\logging.js:94:35)
[debug] &amp#27;[35m[W3C]&amp#27;[39m     at Chromedriver.start (C:\Users\Admin\AppData\Roaming\npm\node_modules\appium\node_modules\appium-chromedriver\lib\chromedriver.js:541:11)
[debug] &amp#27;[35m[W3C]&amp#27;[39m     at AndroidUiautomator2Driver.setupNewChromedriver (C:\Users\Admin\AppData\Roaming\npm\node_modules\appium\node_modules\appium-android-driver\lib\commands\context.js:472:3)
[debug] &amp#27;[35m[W3C]&amp#27;[39m     at AndroidUiautomator2Driver.startChromeSession (C:\Users\Admin\AppData\Roaming\npm\node_modules\appium\node_modules\appium-android-driver\lib\commands\context.js:326:23)
[debug] &amp#27;[35m[W3C]&amp#27;[39m     at AndroidUiautomator2Driver.startUiAutomator2Session (C:\Users\Admin\AppData\Roaming\npm\node_modules\appium\node_modules\appium-uiautomator2-driver\lib\driver.js:429:7)
[debug] &amp#27;[35m[W3C]&amp#27;[39m     at AndroidUiautomator2Driver.createSession (C:\Users\Admin\AppData\Roaming\npm\node_modules\appium\node_modules\appium-uiautomator2-driver\lib\driver.js:229:7)
[debug] &amp#27;[35m[W3C]&amp#27;[39m     at AppiumDriver.createSession (C:\Users\Admin\AppData\Roaming\npm\node_modules\appium\lib\appium.js:387:35)
&amp#27;[35m[HTTP]&amp#27;[39m &amp#27;[37m<-- POST /wd/hub/session &amp#27;[39m&amp#27;[31m500&amp#27;[39m &amp#27;[90m12361 ms - 1069&amp#27;[39m
&amp#27;[35m[HTTP]&amp#27;[39m &amp#27;[90m&amp#27;[39m
[INFO ] 2022-01-10 19:21:51.313 com.qa.tests.ApiDemoTest:53 - Instantiating the page object classes for Amazon.com Website
[INFO ] 2022-01-10 19:21:51.630 com.qa.pages.WebMainPage:25 - Check if amazon logo is displayed
[ERROR] 2022-01-10 19:21:51.665 com.qa.WebBaseTest:129 - Element not found
[ERROR] 2022-01-10 19:21:51.669 com.qa.tests.ApiDemoTest:68 - Error in Amazon logo test
]]></system-out>
    <system-err><![CDATA[SLF4J: Failed to load class "org.slf4j.impl.StaticLoggerBinder".
SLF4J: Defaulting to no-operation (NOP) logger implementation
SLF4J: See http://www.slf4j.org/codes.html#StaticLoggerBinder for further details.
org.openqa.selenium.SessionNotCreatedException: Unable to create a new remote session. Please check the server log for more details. Original error: An unknown server-side error occurred while processing the command. Original error: No Chromedriver found that can automate Chrome '97.0.4692'. You could also try to enable automated chromedrivers download server feature. See https://github.com/appium/appium/blob/master/docs/en/writing-running-appium/web/chromedriver.md for more details
Build info: version: '3.141.59', revision: 'e82be7d358', time: '2018-11-14T08:17:03'
System info: host: 'DESKTOP-GJA9UDI', ip: '192.168.1.7', os.name: 'Windows 10', os.arch: 'amd64', os.version: '10.0', java.version: '1.8.0_301'
Driver info: driver.version: AppiumDriver
remote stacktrace: UnknownError: An unknown server-side error occurred while processing the command. Original error: No Chromedriver found that can automate Chrome '97.0.4692'. You could also try to enable automated chromedrivers download server feature. See https://github.com/appium/appium/blob/master/docs/en/writing-running-appium/web/chromedriver.md for more details
    at getResponseForW3CError (C:\Users\Admin\AppData\Roaming\npm\node_modules\appium\node_modules\appium-base-driver\lib\protocol\errors.js:804:9)
    at asyncHandler (C:\Users\Admin\AppData\Roaming\npm\node_modules\appium\node_modules\appium-base-driver\lib\protocol\protocol.js:380:37)
Build info: version: '3.141.59', revision: 'e82be7d358', time: '2018-11-14T08:17:03'
System info: host: 'DESKTOP-GJA9UDI', ip: '192.168.1.7', os.name: 'Windows 10', os.arch: 'amd64', os.version: '10.0', java.version: '1.8.0_301'
Driver info: driver.version: AppiumDriver
	at io.appium.java_client.remote.AppiumCommandExecutor$1.createSession(AppiumCommandExecutor.java:208)
	at io.appium.java_client.remote.AppiumCommandExecutor.createSession(AppiumCommandExecutor.java:217)
	at io.appium.java_client.remote.AppiumCommandExecutor.execute(AppiumCommandExecutor.java:239)
	at org.openqa.selenium.remote.RemoteWebDriver.execute(RemoteWebDriver.java:552)
	at io.appium.java_client.DefaultGenericMobileDriver.execute(DefaultGenericMobileDriver.java:42)
	at io.appium.java_client.AppiumDriver.execute(AppiumDriver.java:1)
	at org.openqa.selenium.remote.RemoteWebDriver.startSession(RemoteWebDriver.java:213)
	at org.openqa.selenium.remote.RemoteWebDriver.<init>(RemoteWebDriver.java:131)
	at io.appium.java_client.DefaultGenericMobileDriver.<init>(DefaultGenericMobileDriver.java:38)
	at io.appium.java_client.AppiumDriver.<init>(AppiumDriver.java:84)
	at io.appium.java_client.AppiumDriver.<init>(AppiumDriver.java:94)
	at com.qa.WebBaseTest.beforeTest(WebBaseTest.java:103)
	at sun.reflect.NativeMethodAccessorImpl.invoke0(Native Method)
	at sun.reflect.NativeMethodAccessorImpl.invoke(NativeMethodAccessorImpl.java:62)
	at sun.reflect.DelegatingMethodAccessorImpl.invoke(DelegatingMethodAccessorImpl.java:43)
	at java.lang.reflect.Method.invoke(Method.java:498)
	at org.testng.internal.MethodInvocationHelper.invokeMethod(MethodInvocationHelper.java:124)
	at org.testng.internal.MethodInvocationHelper.invokeMethodConsideringTimeout(MethodInvocationHelper.java:59)
	at org.testng.internal.Invoker.invokeConfigurationMethod(Invoker.java:458)
	at org.testng.internal.Invoker.invokeConfigurations(Invoker.java:222)
	at org.testng.internal.Invoker.invokeConfigurations(Invoker.java:142)
	at org.testng.TestRunner.beforeRun(TestRunner.java:529)
	at org.testng.TestRunner.run(TestRunner.java:497)
	at org.testng.SuiteRunner.runTest(SuiteRunner.java:455)
	at org.testng.SuiteRunner.runSequentially(SuiteRunner.java:450)
	at org.testng.SuiteRunner.privateRun(SuiteRunner.java:415)
	at org.testng.SuiteRunner.run(SuiteRunner.java:364)
	at org.testng.SuiteRunnerWorker.runSuite(SuiteRunnerWorker.java:52)
	at org.testng.SuiteRunnerWorker.run(SuiteRunnerWorker.java:84)
	at org.testng.TestNG.runSuitesSequentially(TestNG.java:1208)
	at org.testng.TestNG.runSuitesLocally(TestNG.java:1137)
	at org.testng.TestNG.runSuites(TestNG.java:1049)
	at org.testng.TestNG.run(TestNG.java:1017)
	at org.apache.maven.surefire.testng.TestNGExecutor.run(TestNGExecutor.java:284)
	at org.apache.maven.surefire.testng.TestNGXmlTestSuite.execute(TestNGXmlTestSuite.java:75)
	at org.apache.maven.surefire.testng.TestNGProvider.invoke(TestNGProvider.java:119)
	at org.apache.maven.surefire.booter.ForkedBooter.runSuitesInProcess(ForkedBooter.java:428)
	at org.apache.maven.surefire.booter.ForkedBooter.execute(ForkedBooter.java:162)
	at org.apache.maven.surefire.booter.ForkedBooter.run(ForkedBooter.java:562)
	at org.apache.maven.surefire.booter.ForkedBooter.main(ForkedBooter.java:548)
Caused by: java.lang.reflect.InvocationTargetException
	at sun.reflect.NativeMethodAccessorImpl.invoke0(Native Method)
	at sun.reflect.NativeMethodAccessorImpl.invoke(NativeMethodAccessorImpl.java:62)
	at sun.reflect.DelegatingMethodAccessorImpl.invoke(DelegatingMethodAccessorImpl.java:43)
	at java.lang.reflect.Method.invoke(Method.java:498)
	at io.appium.java_client.remote.AppiumCommandExecutor$1.createSession(AppiumCommandExecutor.java:186)
	... 39 more
Caused by: org.openqa.selenium.WebDriverException: An unknown server-side error occurred while processing the command. Original error: No Chromedriver found that can automate Chrome '97.0.4692'. You could also try to enable automated chromedrivers download server feature. See https://github.com/appium/appium/blob/master/docs/en/writing-running-appium/web/chromedriver.md for more details
Build info: version: '3.141.59', revision: 'e82be7d358', time: '2018-11-14T08:17:03'
System info: host: 'DESKTOP-GJA9UDI', ip: '192.168.1.7', os.name: 'Windows 10', os.arch: 'amd64', os.version: '10.0', java.version: '1.8.0_301'
Driver info: driver.version: AppiumDriver
remote stacktrace: UnknownError: An unknown server-side error occurred while processing the command. Original error: No Chromedriver found that can automate Chrome '97.0.4692'. You could also try to enable automated chromedrivers download server feature. See https://github.com/appium/appium/blob/master/docs/en/writing-running-appium/web/chromedriver.md for more details
    at getResponseForW3CError (C:\Users\Admin\AppData\Roaming\npm\node_modules\appium\node_modules\appium-base-driver\lib\protocol\errors.js:804:9)
    at asyncHandler (C:\Users\Admin\AppData\Roaming\npm\node_modules\appium\node_modules\appium-base-driver\lib\protocol\protocol.js:380:37)
	at sun.reflect.NativeConstructorAccessorImpl.newInstance0(Native Method)
	at sun.reflect.NativeConstructorAccessorImpl.newInstance(NativeConstructorAccessorImpl.java:62)
	at sun.reflect.DelegatingConstructorAccessorImpl.newInstance(DelegatingConstructorAccessorImpl.java:45)
	at java.lang.reflect.Constructor.newInstance(Constructor.java:423)
	at org.openqa.selenium.remote.W3CHandshakeResponse.lambda$errorHandler$0(W3CHandshakeResponse.java:62)
	at org.openqa.selenium.remote.HandshakeResponse.lambda$getResponseFunction$0(HandshakeResponse.java:30)
	at org.openqa.selenium.remote.ProtocolHandshake.lambda$createSession$0(ProtocolHandshake.java:126)
	at java.util.stream.ReferencePipeline$3$1.accept(ReferencePipeline.java:193)
	at java.util.Spliterators$ArraySpliterator.tryAdvance(Spliterators.java:958)
	at java.util.stream.ReferencePipeline.forEachWithCancel(ReferencePipeline.java:126)
	at java.util.stream.AbstractPipeline.copyIntoWithCancel(AbstractPipeline.java:499)
	at java.util.stream.AbstractPipeline.copyInto(AbstractPipeline.java:486)
	at java.util.stream.AbstractPipeline.wrapAndCopyInto(AbstractPipeline.java:472)
	at java.util.stream.FindOps$FindOp.evaluateSequential(FindOps.java:152)
	at java.util.stream.AbstractPipeline.evaluate(AbstractPipeline.java:234)
	at java.util.stream.ReferencePipeline.findFirst(ReferencePipeline.java:464)
	at org.openqa.selenium.remote.ProtocolHandshake.createSession(ProtocolHandshake.java:128)
	... 44 more
]]></system-err>
  </testcase>
  <testcase name="searchItemsandVerifyTitleTest" classname="com.qa.webtests.AmazonWebTest" time="2.831">
    <system-out><![CDATA[[INFO ] 2022-01-10 19:21:51.675 com.qa.tests.ApiDemoTest:53 - Instantiating the page object classes for Amazon.com Website
[INFO ] 2022-01-10 19:21:51.678 com.qa.pages.WebMainPage:31 - Enter books value in search bar
[ERROR] 2022-01-10 19:21:51.679 com.qa.WebBaseTest:129 - Element not found
[ERROR] 2022-01-10 19:21:51.679 com.qa.WebBaseTest:162 - Unable to perform senkeys for element
[ERROR] 2022-01-10 19:21:51.679 com.qa.WebBaseTest:129 - Element not found
[ERROR] 2022-01-10 19:21:51.679 com.qa.WebBaseTest:140 - click action not performed
[INFO ] 2022-01-10 19:21:51.680 com.qa.pages.WebMainPage:40 - Click on search button
[INFO ] 2022-01-10 19:21:54.688 com.qa.pages.WebBooksPage:28 - Checking Books title is present or not
[ERROR] 2022-01-10 19:21:54.690 com.qa.tests.ApiDemoTest:87 - Error in search and verify title test
]]></system-out>
  </testcase>
  <testcase name="scrollToBottomTest" classname="com.qa.webtests.AmazonWebTest" time="0.025">
    <system-out><![CDATA[[INFO ] 2022-01-10 19:21:54.699 com.qa.tests.ApiDemoTest:53 - Instantiating the page object classes for Amazon.com Website
[INFO ] 2022-01-10 19:21:54.711 com.qa.pages.WebBooksPage:34 - Scroll to the bottom of page
[ERROR] 2022-01-10 19:21:54.745 com.qa.WebBaseTest:177 - Unable to perform move to element action
[INFO ] 2022-01-10 19:21:54.745 com.qa.pages.WebBooksPage:41 - Scroll to the bottom of page
[ERROR] 2022-01-10 19:21:54.746 com.qa.WebBaseTest:129 - Element not found
[ERROR] 2022-01-10 19:21:54.747 com.qa.tests.ApiDemoTest:100 - Error in scroll to bottom test
]]></system-out>
  </testcase>
  <testcase name="tearDown" classname="com.qa.webtests.AmazonWebTest" time="0.029">
    <failure type="java.lang.NullPointerException"><![CDATA[java.lang.NullPointerException
]]></failure>
  </testcase>
  <testcase name="scrollTest" classname="com.qa.tests.ApiDemoTest" time="8.927">
    <system-out><![CDATA[&amp#27;[35m[HTTP]&amp#27;[39m &amp#27;[37m-->&amp#27;[39m &amp#27;[37mPOST&amp#27;[39m &amp#27;[37m/wd/hub/session&amp#27;[39m
&amp#27;[35m[HTTP]&amp#27;[39m &amp#27;[90m{"desiredCapabilities":{"app":"C:\\Users\\Admin\\Downloads\\AppiumProject\\AppiumProject\\src\\test\\resources\\app\\ApiDemos-debug.apk","appActivity":"io.appium.android.apis.ApiDemos","appPackage":"io.appium.android.apis","noReset":true,"newCommandTimeout":60,"automationName":"UiAutomator2","platformName":"Android","deviceName":"Any Device Name"},"capabilities":{"firstMatch":[{"appium:app":"C:\\Users\\Admin\\Downloads\\AppiumProject\\AppiumProject\\src\\test\\resources\\app\\ApiDemos-debug.apk","appium:appActivity":"io.appium.android.apis.ApiDemos","appium:appPackage":"io.appium.android.apis","appium:automationName":"UiAutomator2","appium:deviceName":"Any Device Name","appium:newCommandTimeout":60,"appium:noReset":true,"platformName":"android"}]}}&amp#27;[39m
[debug] &amp#27;[35m[W3C]&amp#27;[39m Calling AppiumDriver.createSession() with args: [{"app":"C:\\Users\\Admin\\Downloads\\AppiumProject\\AppiumProject\\src\\test\\resources\\app\\ApiDemos-debug.apk","appActivity":"io.appium.android.apis.ApiDemos","appPackage":"io.appium.android.apis","noReset":true,"newCommandTimeout":60,"automationName":"UiAutomator2","platformName":"Android","deviceName":"Any Device Name"},null,{"firstMatch":[{"appium:app":"C:\\Users\\Admin\\Downloads\\AppiumProject\\AppiumProject\\src\\test\\resources\\app\\ApiDemos-debug.apk","appium:appActivity":"io.appium.android.apis.ApiDemos","appium:appPackage":"io.appium.android.apis","appium:automationName":"UiAutomator2","appium:deviceName":"Any Device Name","appium:newCommandTimeout":60,"appium:noReset":true,"platformName":"android"}]}]
[debug] &amp#27;[35m[BaseDriver]&amp#27;[39m Event 'newSessionRequested' logged at 1641822714830 (19:21:54 GMT+0530 (India Standard Time))
&amp#27;[35m[Appium]&amp#27;[39m Appium v1.22.0 creating new AndroidUiautomator2Driver (v1.69.0) session
[debug] &amp#27;[35m[BaseDriver]&amp#27;[39m W3C capabilities and MJSONWP desired capabilities were provided
[debug] &amp#27;[35m[BaseDriver]&amp#27;[39m Creating session with W3C capabilities: {
[debug] &amp#27;[35m[BaseDriver]&amp#27;[39m   "alwaysMatch": {
[debug] &amp#27;[35m[BaseDriver]&amp#27;[39m     "platformName": "android",
[debug] &amp#27;[35m[BaseDriver]&amp#27;[39m     "appium:app": "C:\\Users\\Admin\\Downloads\\AppiumProject\\AppiumProject\\src\\test\\resources\\app\\ApiDemos-debug.apk",
[debug] &amp#27;[35m[BaseDriver]&amp#27;[39m     "appium:appActivity": "io.appium.android.apis.ApiDemos",
[debug] &amp#27;[35m[BaseDriver]&amp#27;[39m     "appium:appPackage": "io.appium.android.apis",
[debug] &amp#27;[35m[BaseDriver]&amp#27;[39m     "appium:automationName": "UiAutomator2",
[debug] &amp#27;[35m[BaseDriver]&amp#27;[39m     "appium:deviceName": "Any Device Name",
[debug] &amp#27;[35m[BaseDriver]&amp#27;[39m     "appium:newCommandTimeout": 60,
[debug] &amp#27;[35m[BaseDriver]&amp#27;[39m     "appium:noReset": true
[debug] &amp#27;[35m[BaseDriver]&amp#27;[39m   },
[debug] &amp#27;[35m[BaseDriver]&amp#27;[39m   "firstMatch": [
[debug] &amp#27;[35m[BaseDriver]&amp#27;[39m     {}
[debug] &amp#27;[35m[BaseDriver]&amp#27;[39m   ]
[debug] &amp#27;[35m[BaseDriver]&amp#27;[39m }
&amp#27;[35m[BaseDriver]&amp#27;[39m Session created with session id: 648732fc-36e7-42db-83b0-15cc1b5f0e0f
&amp#27;[35m[BaseDriver]&amp#27;[39m Using local app 'C:\Users\Admin\Downloads\AppiumProject\AppiumProject\src\test\resources\app\ApiDemos-debug.apk'
[debug] &amp#27;[35m[UiAutomator2]&amp#27;[39m Checking whether app is actually present
&amp#27;[35m[ADB]&amp#27;[39m Using 'adb.exe' from 'C:\Users\Admin\AppData\Local\Android\Sdk\platform-tools\adb.exe'
[debug] &amp#27;[35m[ADB]&amp#27;[39m Running 'C:\Users\Admin\AppData\Local\Android\Sdk\platform-tools\adb.exe -P 5037 start-server'
&amp#27;[35m[AndroidDriver]&amp#27;[39m Retrieving device list
[debug] &amp#27;[35m[ADB]&amp#27;[39m Trying to find a connected android device
[debug] &amp#27;[35m[ADB]&amp#27;[39m Getting connected devices
[debug] &amp#27;[35m[ADB]&amp#27;[39m Connected devices: [{"udid":"213996502a057ece","state":"device"}]
&amp#27;[35m[AndroidDriver]&amp#27;[39m Using device: 213996502a057ece
&amp#27;[35m[ADB]&amp#27;[39m Using 'adb.exe' from 'C:\Users\Admin\AppData\Local\Android\Sdk\platform-tools\adb.exe'
[debug] &amp#27;[35m[ADB]&amp#27;[39m Running 'C:\Users\Admin\AppData\Local\Android\Sdk\platform-tools\adb.exe -P 5037 start-server'
[debug] &amp#27;[35m[ADB]&amp#27;[39m Setting device id to 213996502a057ece
[debug] &amp#27;[35m[ADB]&amp#27;[39m Running 'C:\Users\Admin\AppData\Local\Android\Sdk\platform-tools\adb.exe -P 5037 -s 213996502a057ece shell getprop ro.build.version.sdk'
[debug] &amp#27;[35m[ADB]&amp#27;[39m Current device property 'ro.build.version.sdk': 29
&amp#27;[35m[ADB]&amp#27;[39m Getting device platform version
[debug] &amp#27;[35m[ADB]&amp#27;[39m Running 'C:\Users\Admin\AppData\Local\Android\Sdk\platform-tools\adb.exe -P 5037 -s 213996502a057ece shell getprop ro.build.version.release'
[debug] &amp#27;[35m[ADB]&amp#27;[39m Current device property 'ro.build.version.release': 10
[debug] &amp#27;[35m[ADB]&amp#27;[39m Device API level: 29
&amp#27;[35m[UiAutomator2]&amp#27;[39m Relaxing hidden api policy
[debug] &amp#27;[35m[ADB]&amp#27;[39m Running 'C:\Users\Admin\AppData\Local\Android\Sdk\platform-tools\adb.exe -P 5037 -s 213996502a057ece shell 'settings put global hidden_api_policy_pre_p_apps 1;settings put global hidden_api_policy_p_apps 1;settings put global hidden_api_policy 1''
[debug] &amp#27;[35m[ADB]&amp#27;[39m Running 'C:\Users\Admin\AppData\Local\Android\Sdk\platform-tools\adb.exe -P 5037 -s 213996502a057ece wait-for-device'
[debug] &amp#27;[35m[ADB]&amp#27;[39m Running 'C:\Users\Admin\AppData\Local\Android\Sdk\platform-tools\adb.exe -P 5037 -s 213996502a057ece shell echo ping'
[debug] &amp#27;[35m[AndroidDriver]&amp#27;[39m Pushing settings apk to device...
[debug] &amp#27;[35m[ADB]&amp#27;[39m Getting install status for io.appium.settings
[debug] &amp#27;[35m[ADB]&amp#27;[39m Running 'C:\Users\Admin\AppData\Local\Android\Sdk\platform-tools\adb.exe -P 5037 -s 213996502a057ece shell dumpsys package io.appium.settings'
[debug] &amp#27;[35m[ADB]&amp#27;[39m 'io.appium.settings' is installed
[debug] &amp#27;[35m[ADB]&amp#27;[39m Getting package info for 'io.appium.settings'
[debug] &amp#27;[35m[ADB]&amp#27;[39m Running 'C:\Users\Admin\AppData\Local\Android\Sdk\platform-tools\adb.exe -P 5037 -s 213996502a057ece shell dumpsys package io.appium.settings'
[debug] &amp#27;[35m[ADB]&amp#27;[39m The version name of the installed 'io.appium.settings' is greater or equal to the application version name ('3.4.0' >= '3.4.0')
[debug] &amp#27;[35m[ADB]&amp#27;[39m There is no need to install/upgrade 'C:\Users\Admin\AppData\Roaming\npm\node_modules\appium\node_modules\io.appium.settings\apks\settings_apk-debug.apk'
[debug] &amp#27;[35m[ADB]&amp#27;[39m Getting IDs of all 'io.appium.settings' processes
[debug] &amp#27;[35m[ADB]&amp#27;[39m Running 'C:\Users\Admin\AppData\Local\Android\Sdk\platform-tools\adb.exe -P 5037 -s 213996502a057ece shell 'pgrep --help; echo $?''
[debug] &amp#27;[35m[ADB]&amp#27;[39m Running 'C:\Users\Admin\AppData\Local\Android\Sdk\platform-tools\adb.exe -P 5037 -s 213996502a057ece shell pgrep -f \(\[\[:blank:\]\]\|\^\)io\.appium\.settings\(\[\[:blank:\]\]\|\$\)'
[debug] &amp#27;[35m[AndroidDriver]&amp#27;[39m io.appium.settings is already running. There is no need to reset its permissions.
[debug] &amp#27;[35m[ADB]&amp#27;[39m Running 'C:\Users\Admin\AppData\Local\Android\Sdk\platform-tools\adb.exe -P 5037 -s 213996502a057ece shell appops set io.appium.settings android:mock_location allow'
[debug] &amp#27;[35m[Logcat]&amp#27;[39m Starting logs capture with command: C:\\Users\\Admin\\AppData\\Local\\Android\\Sdk\\platform-tools\\adb.exe -P 5037 -s 213996502a057ece logcat -v threadtime
[debug] &amp#27;[35m[UiAutomator2]&amp#27;[39m Forwarding UiAutomator2 Server port 6790 to local port 8201
[debug] &amp#27;[35m[ADB]&amp#27;[39m Forwarding system: 8201 to device: 6790
[debug] &amp#27;[35m[ADB]&amp#27;[39m Running 'C:\Users\Admin\AppData\Local\Android\Sdk\platform-tools\adb.exe -P 5037 -s 213996502a057ece forward tcp:8201 tcp:6790'
[debug] &amp#27;[35m[ADB]&amp#27;[39m Getting install status for io.appium.uiautomator2.server
[debug] &amp#27;[35m[ADB]&amp#27;[39m Running 'C:\Users\Admin\AppData\Local\Android\Sdk\platform-tools\adb.exe -P 5037 -s 213996502a057ece shell dumpsys package io.appium.uiautomator2.server'
[debug] &amp#27;[35m[ADB]&amp#27;[39m 'io.appium.uiautomator2.server' is installed
[debug] &amp#27;[35m[ADB]&amp#27;[39m Getting package info for 'io.appium.uiautomator2.server'
[debug] &amp#27;[35m[ADB]&amp#27;[39m Running 'C:\Users\Admin\AppData\Local\Android\Sdk\platform-tools\adb.exe -P 5037 -s 213996502a057ece shell dumpsys package io.appium.uiautomator2.server'
[debug] &amp#27;[35m[ADB]&amp#27;[39m The version name of the installed 'io.appium.uiautomator2.server' is greater or equal to the application version name ('4.24.0' >= '4.24.0')
[debug] &amp#27;[35m[UiAutomator2]&amp#27;[39m io.appium.uiautomator2.server installation state: sameVersionInstalled
[debug] &amp#27;[35m[ADB]&amp#27;[39m Checking app cert for C:\Users\Admin\AppData\Roaming\npm\node_modules\appium\node_modules\appium-uiautomator2-server\apks\appium-uiautomator2-server-v4.24.0.apk
[debug] &amp#27;[35m[ADB]&amp#27;[39m Using the previously cached signature entry for 'appium-uiautomator2-server-v4.24.0.apk'
[debug] &amp#27;[35m[ADB]&amp#27;[39m sha256 hash did match for 'appium-uiautomator2-server-v4.24.0.apk'
[debug] &amp#27;[35m[ADB]&amp#27;[39m Getting install status for io.appium.uiautomator2.server.test
[debug] &amp#27;[35m[ADB]&amp#27;[39m Running 'C:\Users\Admin\AppData\Local\Android\Sdk\platform-tools\adb.exe -P 5037 -s 213996502a057ece shell dumpsys package io.appium.uiautomator2.server.test'
[debug] &amp#27;[35m[ADB]&amp#27;[39m 'io.appium.uiautomator2.server.test' is installed
[debug] &amp#27;[35m[ADB]&amp#27;[39m Checking app cert for C:\Users\Admin\AppData\Roaming\npm\node_modules\appium\node_modules\appium-uiautomator2-server\apks\appium-uiautomator2-server-debug-androidTest.apk
[debug] &amp#27;[35m[ADB]&amp#27;[39m Using the previously cached signature entry for 'appium-uiautomator2-server-debug-androidTest.apk'
[debug] &amp#27;[35m[ADB]&amp#27;[39m sha256 hash did match for 'appium-uiautomator2-server-debug-androidTest.apk'
&amp#27;[35m[UiAutomator2]&amp#27;[39m Server packages are not going to be (re)installed
[debug] &amp#27;[35m[UiAutomator2]&amp#27;[39m Waiting up to 30000ms for services to be available
[debug] &amp#27;[35m[ADB]&amp#27;[39m Running 'C:\Users\Admin\AppData\Local\Android\Sdk\platform-tools\adb.exe -P 5037 -s 213996502a057ece shell pm list instrumentation'
[debug] &amp#27;[35m[UiAutomator2]&amp#27;[39m Instrumentation target 'io.appium.uiautomator2.server.test/androidx.test.runner.AndroidJUnitRunner' is available
&amp#27;[35m[ADB]&amp#27;[39m Adding packages ["io.appium.settings","io.appium.uiautomator2.server","io.appium.uiautomator2.server.test"] to Doze whitelist
[debug] &amp#27;[35m[ADB]&amp#27;[39m Got the following command chunks to execute: [["dumpsys","deviceidle","whitelist","+io.appium.settings",";","dumpsys","deviceidle","whitelist","+io.appium.uiautomator2.server",";","dumpsys","deviceidle","whitelist","+io.appium.uiautomator2.server.test",";"]]
[debug] &amp#27;[35m[ADB]&amp#27;[39m Running 'C:\Users\Admin\AppData\Local\Android\Sdk\platform-tools\adb.exe -P 5037 -s 213996502a057ece shell dumpsys deviceidle whitelist +io.appium.settings ; dumpsys deviceidle whitelist +io.appium.uiautomator2.server ; dumpsys deviceidle whitelist +io.appium.uiautomator2.server.test ;'
[debug] &amp#27;[35m[ADB]&amp#27;[39m Checking app cert for C:\Users\Admin\Downloads\AppiumProject\AppiumProject\src\test\resources\app\ApiDemos-debug.apk
&amp#27;[35m[ADB]&amp#27;[39m Using 'apksigner.jar' from 'C:\Users\Admin\AppData\Local\Android\Sdk\build-tools\31.0.0\lib\apksigner.jar'
[debug] &amp#27;[35m[ADB]&amp#27;[39m Starting apksigner: 'C:\\Program Files\\Java\\jdk1.8.0_301\\bin\\java.exe' -Xmx1024M -Xss1m -jar C:\\Users\\Admin\\AppData\\Local\\Android\\Sdk\\build-tools\\31.0.0\\lib\\apksigner.jar verify --print-certs C:\\Users\\Admin\\Downloads\\AppiumProject\\AppiumProject\\src\\test\\resources\\app\\ApiDemos-debug.apk
[debug] &amp#27;[35m[ADB]&amp#27;[39m apksigner stdout: Signer #1 certificate DN: C=US, O=Android, CN=Android Debug
[debug] &amp#27;[35m[ADB]&amp#27;[39m Signer #1 certificate SHA-256 digest: ff2c1b0d041edb6e32a5f7c190ca9c3e78c4ca2cddbbb76133fc30c40b291e30
[debug] &amp#27;[35m[ADB]&amp#27;[39m Signer #1 certificate SHA-1 digest: b3de7d52e6aa703f166c4ee6e921c2816278c393
[debug] &amp#27;[35m[ADB]&amp#27;[39m Signer #1 certificate MD5 digest: 7dce13e4e43fbe159a70f7a252cb0acf
[debug] &amp#27;[35m[ADB]&amp#27;[39m 
&amp#27;[35m[ADB]&amp#27;[39m 'C:\Users\Admin\Downloads\AppiumProject\AppiumProject\src\test\resources\app\ApiDemos-debug.apk' is signed with a non-default certificate
[debug] &amp#27;[35m[ADB]&amp#27;[39m Getting install status for io.appium.android.apis
[debug] &amp#27;[35m[ADB]&amp#27;[39m Running 'C:\Users\Admin\AppData\Local\Android\Sdk\platform-tools\adb.exe -P 5037 -s 213996502a057ece shell dumpsys package io.appium.android.apis'
[debug] &amp#27;[35m[ADB]&amp#27;[39m 'io.appium.android.apis' is installed
[debug] &amp#27;[35m[ADB]&amp#27;[39m Getting package info for 'io.appium.android.apis'
[debug] &amp#27;[35m[ADB]&amp#27;[39m Running 'C:\Users\Admin\AppData\Local\Android\Sdk\platform-tools\adb.exe -P 5037 -s 213996502a057ece shell dumpsys package io.appium.android.apis'
[debug] &amp#27;[35m[ADB]&amp#27;[39m The version name of the installed 'io.appium.android.apis' is greater or equal to the application version name ('3.3.1' >= '3.3.1')
[debug] &amp#27;[35m[ADB]&amp#27;[39m There is no need to install/upgrade 'C:\Users\Admin\Downloads\AppiumProject\AppiumProject\src\test\resources\app\ApiDemos-debug.apk'
[debug] &amp#27;[35m[UiAutomator2]&amp#27;[39m Performing shallow cleanup of automation leftovers
[debug] &amp#27;[35m[UiAutomator2]&amp#27;[39m No obsolete sessions have been detected (socket hang up)
[debug] &amp#27;[35m[ADB]&amp#27;[39m Running 'C:\Users\Admin\AppData\Local\Android\Sdk\platform-tools\adb.exe -P 5037 -s 213996502a057ece shell am force-stop io.appium.uiautomator2.server.test'
&amp#27;[35m[UiAutomator2]&amp#27;[39m Starting UIAutomator2 server 4.24.0
&amp#27;[35m[UiAutomator2]&amp#27;[39m Using UIAutomator2 server from 'C:\Users\Admin\AppData\Roaming\npm\node_modules\appium\node_modules\appium-uiautomator2-server\apks\appium-uiautomator2-server-v4.24.0.apk' and test from 'C:\Users\Admin\AppData\Roaming\npm\node_modules\appium\node_modules\appium-uiautomator2-server\apks\appium-uiautomator2-server-debug-androidTest.apk'
&amp#27;[35m[UiAutomator2]&amp#27;[39m Waiting up to 30000ms for UiAutomator2 to be online...
[debug] &amp#27;[35m[ADB]&amp#27;[39m Creating ADB subprocess with args: ["-P",5037,"-s","213996502a057ece","shell","am","instrument","-w","-e","disableAnalytics",true,"io.appium.uiautomator2.server.test/androidx.test.runner.AndroidJUnitRunner"]
[debug] &amp#27;[35m[WD Proxy]&amp#27;[39m Matched '/status' to command name 'getStatus'
[debug] &amp#27;[35m[WD Proxy]&amp#27;[39m Proxying [GET /status] to [GET http://127.0.0.1:8201/wd/hub/status] with no body
&amp#27;[35m[WD Proxy]&amp#27;[39m socket hang up
[debug] &amp#27;[35m[Instrumentation]&amp#27;[39m io.appium.uiautomator2.server.test.AppiumUiAutomator2Server:
[debug] &amp#27;[35m[WD Proxy]&amp#27;[39m Matched '/status' to command name 'getStatus'
[debug] &amp#27;[35m[WD Proxy]&amp#27;[39m Proxying [GET /status] to [GET http://127.0.0.1:8201/wd/hub/status] with no body
&amp#27;[35m[WD Proxy]&amp#27;[39m socket hang up
[debug] &amp#27;[35m[WD Proxy]&amp#27;[39m Matched '/status' to command name 'getStatus'
[debug] &amp#27;[35m[WD Proxy]&amp#27;[39m Proxying [GET /status] to [GET http://127.0.0.1:8201/wd/hub/status] with no body
&amp#27;[35m[WD Proxy]&amp#27;[39m socket hang up
[debug] &amp#27;[35m[WD Proxy]&amp#27;[39m Matched '/status' to command name 'getStatus'
[debug] &amp#27;[35m[WD Proxy]&amp#27;[39m Proxying [GET /status] to [GET http://127.0.0.1:8201/wd/hub/status] with no body
[debug] &amp#27;[35m[WD Proxy]&amp#27;[39m Got response with status 200: {"sessionId":"None","value":{"message":"UiAutomator2 Server is ready to accept commands","ready":true}}
[debug] &amp#27;[35m[UiAutomator2]&amp#27;[39m The initialization of the instrumentation process took 3230ms
[debug] &amp#27;[35m[WD Proxy]&amp#27;[39m Matched '/session' to command name 'createSession'
[debug] &amp#27;[35m[WD Proxy]&amp#27;[39m Proxying [POST /session] to [POST http://127.0.0.1:8201/wd/hub/session] with body: {"capabilities":{"firstMatch":[{"platform":"LINUX","webStorageEnabled":false,"takesScreenshot":true,"javascriptEnabled":true,"databaseEnabled":false,"networkConnectionEnabled":true,"locationContextEnabled":false,"warnings":{},"desired":{"platformName":"android","app":"C:\\Users\\Admin\\Downloads\\AppiumProject\\AppiumProject\\src\\test\\resources\\app\\ApiDemos-debug.apk","appActivity":"io.appium.android.apis.ApiDemos","appPackage":"io.appium.android.apis","automationName":"UiAutomator2","deviceName":"Any Device Name","newCommandTimeout":60,"noReset":true},"platformName":"android","app":"C:\\Users\\Admin\\Downloads\\AppiumProject\\AppiumProject\\src\\test\\resources\\app\\ApiDemos-debug.apk","appActivity":"io.appium.android.apis.ApiDemos","appPackage":"io.appium.android.apis","automationName":"UiAutomator2","deviceName":"213996502a057ece","newCommandTimeout":60,"noReset":true,"deviceUDID":"213996502a057ece"}],"alwaysMatch":{}}}
[debug] &amp#27;[35m[WD Proxy]&amp#27;[39m Got response with status 200: {"sessionId":"e5e44e3b-2cc0-4923-9f78-98ce88465dfd","value":{"capabilities":{"firstMatch":[{"platform":"LINUX","webStorageEnabled":false,"takesScreenshot":true,"javascriptEnabled":true,"databaseEnabled":false,"networkConnectionEnabled":true,"locationContextEnabled":false,"warnings":{},"desired":{"platformName":"android","app":"C:\\Users\\Admin\\Downloads\\AppiumProject\\AppiumProject\\src\\test\\resources\\app\\ApiDemos-debug.apk","appActivity":"io.appium.android.apis.ApiDemos","appPackage":"io.appium.android.apis","automationName":"UiAutomator2","deviceName":"Any Device Name","newCommandTimeout":60,"noReset":true},"platformName":"android","app":"C:\\Users\\Admin\\Downloads\\AppiumProject\\AppiumProject\\src\\test\\resources\\app\\ApiDemos-debug.apk","appActivity":"io.appium.android.apis.ApiDemos","appPackage":"io.appium.android.apis","automationName":"UiAutomator2","deviceName":"213996502a057ece","newCommandTimeout":60,"noReset":true,"deviceUDID":"213996502a057ece"}],"alwaysMatch":{}},"sessionId":"e5e44e3...
&amp#27;[35m[WD Proxy]&amp#27;[39m Determined the downstream protocol as 'W3C'
[debug] &amp#27;[35m[WD Proxy]&amp#27;[39m Proxying [GET /appium/device/info] to [GET http://127.0.0.1:8201/wd/hub/session/e5e44e3b-2cc0-4923-9f78-98ce88465dfd/appium/device/info] with no body
[debug] &amp#27;[35m[WD Proxy]&amp#27;[39m Got response with status 200: {"sessionId":"e5e44e3b-2cc0-4923-9f78-98ce88465dfd","value":{"androidId":"09c895d31ded67c0","apiVersion":"29","bluetooth":{"state":"ON"},"brand":"samsung","carrierName":"","displayDensity":480,"locale":"en_GB","manufacturer":"samsung","model":"SM-G960F","networks":[{"capabilities":{"SSID":null,"linkDownBandwidthKbps":1048576,"linkUpstreamBandwidthKbps":1048576,"networkCapabilities":"NET_CAPABILITY_NOT_METERED,NET_CAPABILITY_INTERNET,NET_CAPABILITY_NOT_RESTRICTED,NET_CAPABILITY_TRUSTED,NET_CAPABILITY_NOT_VPN,NET_CAPABILITY_VALIDATED,NET_CAPABILITY_NOT_ROAMING,NET_CAPABILITY_FOREGROUND,NET_CAPABILITY_NOT_CONGESTED,NET_CAPABILITY_NOT_SUSPENDED","signalStrength":-59,"transportTypes":"TRANSPORT_WIFI"},"detailedState":"CONNECTED","extraInfo":null,"isAvailable":true,"isConnected":true,"isFailover":false,"isRoaming":false,"state":"CONNECTED","subtype":0,"subtypeName":"","type":1,"typeName":"WIFI"}],"platformVersion":"10","realDisplaySize":"1080x2220","timeZone":"Asia/Kolkata"}}
[debug] &amp#27;[35m[ADB]&amp#27;[39m Running 'C:\Users\Admin\AppData\Local\Android\Sdk\platform-tools\adb.exe -P 5037 -s 213996502a057ece shell dumpsys window'
&amp#27;[35m[AndroidDriver]&amp#27;[39m Screen already unlocked, doing nothing
&amp#27;[35m[UiAutomator2]&amp#27;[39m Starting 'io.appium.android.apis/io.appium.android.apis.ApiDemos and waiting for 'io.appium.android.apis/io.appium.android.apis.ApiDemos'
[debug] &amp#27;[35m[ADB]&amp#27;[39m Running 'C:\Users\Admin\AppData\Local\Android\Sdk\platform-tools\adb.exe -P 5037 -s 213996502a057ece shell am start -W -n io.appium.android.apis/io.appium.android.apis.ApiDemos -S -a android.intent.action.MAIN -c android.intent.category.LAUNCHER -f 0x10200000'
[debug] &amp#27;[35m[WD Proxy]&amp#27;[39m Proxying [GET /appium/device/pixel_ratio] to [GET http://127.0.0.1:8201/wd/hub/session/e5e44e3b-2cc0-4923-9f78-98ce88465dfd/appium/device/pixel_ratio] with no body
[debug] &amp#27;[35m[WD Proxy]&amp#27;[39m Got response with status 200: {"sessionId":"e5e44e3b-2cc0-4923-9f78-98ce88465dfd","value":3}
[debug] &amp#27;[35m[WD Proxy]&amp#27;[39m Matched '/appium/device/system_bars' to command name 'getSystemBars'
[debug] &amp#27;[35m[WD Proxy]&amp#27;[39m Proxying [GET /appium/device/system_bars] to [GET http://127.0.0.1:8201/wd/hub/session/e5e44e3b-2cc0-4923-9f78-98ce88465dfd/appium/device/system_bars] with no body
[debug] &amp#27;[35m[WD Proxy]&amp#27;[39m Got response with status 200: {"sessionId":"e5e44e3b-2cc0-4923-9f78-98ce88465dfd","value":{"statusBar":72}}
[debug] &amp#27;[35m[WD Proxy]&amp#27;[39m Matched '/window/current/size' to command name 'getWindowSize'
[debug] &amp#27;[35m[WD Proxy]&amp#27;[39m Proxying [GET /window/current/size] to [GET http://127.0.0.1:8201/wd/hub/session/e5e44e3b-2cc0-4923-9f78-98ce88465dfd/window/current/size] with no body
[debug] &amp#27;[35m[WD Proxy]&amp#27;[39m Got response with status 200: {"sessionId":"e5e44e3b-2cc0-4923-9f78-98ce88465dfd","value":{"height":2076,"width":1080}}
&amp#27;[35m[Appium]&amp#27;[39m New AndroidUiautomator2Driver session created successfully, session 648732fc-36e7-42db-83b0-15cc1b5f0e0f added to master session list
[debug] &amp#27;[35m[BaseDriver]&amp#27;[39m Event 'newSessionStarted' logged at 1641822724294 (19:22:04 GMT+0530 (India Standard Time))
[debug] &amp#27;[35m[W3C (648732fc)]&amp#27;[39m Cached the protocol value 'W3C' for the new session 648732fc-36e7-42db-83b0-15cc1b5f0e0f
[debug] &amp#27;[35m[W3C (648732fc)]&amp#27;[39m Responding to client with driver.createSession() result: {"capabilities":{"platform":"LINUX","webStorageEnabled":false,"takesScreenshot":true,"javascriptEnabled":true,"databaseEnabled":false,"networkConnectionEnabled":true,"locationContextEnabled":false,"warnings":{},"desired":{"platformName":"android","app":"C:\\Users\\Admin\\Downloads\\AppiumProject\\AppiumProject\\src\\test\\resources\\app\\ApiDemos-debug.apk","appActivity":"io.appium.android.apis.ApiDemos","appPackage":"io.appium.android.apis","automationName":"UiAutomator2","deviceName":"Any Device Name","newCommandTimeout":60,"noReset":true},"platformName":"android","app":"C:\\Users\\Admin\\Downloads\\AppiumProject\\AppiumProject\\src\\test\\resources\\app\\ApiDemos-debug.apk","appActivity":"io.appium.android.apis.ApiDemos","appPackage":"io.appium.android.apis","automationName":"UiAutomator2","deviceName":"213996502a057ece","newCommandTimeout":60,"noReset":true,"deviceUDID":"213996502a057ece","deviceApiLevel":29,"platformVersion":"10","deviceScreenSize":"1080x2220","deviceScreenDensity":480,"deviceModel":"...
&amp#27;[35m[HTTP]&amp#27;[39m &amp#27;[37m<-- POST /wd/hub/session &amp#27;[39m&amp#27;[32m200&amp#27;[39m &amp#27;[90m9471 ms - 1220&amp#27;[39m
&amp#27;[35m[HTTP]&amp#27;[39m &amp#27;[90m&amp#27;[39m
&amp#27;[35m[HTTP]&amp#27;[39m &amp#27;[37m-->&amp#27;[39m &amp#27;[37mGET&amp#27;[39m &amp#27;[37m/wd/hub/session/648732fc-36e7-42db-83b0-15cc1b5f0e0f&amp#27;[39m
&amp#27;[35m[HTTP]&amp#27;[39m &amp#27;[90m{}&amp#27;[39m
[debug] &amp#27;[35m[W3C (648732fc)]&amp#27;[39m Calling AppiumDriver.getSession() with args: ["648732fc-36e7-42db-83b0-15cc1b5f0e0f"]
[debug] &amp#27;[35m[UiAutomator2]&amp#27;[39m Getting session details from server to mix in
[debug] &amp#27;[35m[WD Proxy]&amp#27;[39m Matched '/' to command name 'getSession'
[debug] &amp#27;[35m[WD Proxy]&amp#27;[39m Proxying [GET /] to [GET http://127.0.0.1:8201/wd/hub/session/e5e44e3b-2cc0-4923-9f78-98ce88465dfd] with no body
[debug] &amp#27;[35m[WD Proxy]&amp#27;[39m Got response with status 200: {"sessionId":"e5e44e3b-2cc0-4923-9f78-98ce88465dfd","value":{"lastScrollData":null}}
[debug] &amp#27;[35m[W3C (648732fc)]&amp#27;[39m Responding to client with driver.getSession() result: {"platform":"LINUX","webStorageEnabled":false,"takesScreenshot":true,"javascriptEnabled":true,"databaseEnabled":false,"networkConnectionEnabled":true,"locationContextEnabled":false,"warnings":{},"desired":{"platformName":"android","app":"C:\\Users\\Admin\\Downloads\\AppiumProject\\AppiumProject\\src\\test\\resources\\app\\ApiDemos-debug.apk","appActivity":"io.appium.android.apis.ApiDemos","appPackage":"io.appium.android.apis","automationName":"UiAutomator2","deviceName":"Any Device Name","newCommandTimeout":60,"noReset":true},"platformName":"android","app":"C:\\Users\\Admin\\Downloads\\AppiumProject\\AppiumProject\\src\\test\\resources\\app\\ApiDemos-debug.apk","appActivity":"io.appium.android.apis.ApiDemos","appPackage":"io.appium.android.apis","automationName":"UiAutomator2","deviceName":"213996502a057ece","newCommandTimeout":60,"noReset":true,"deviceUDID":"213996502a057ece","deviceApiLevel":29,"platformVersion":"10","deviceScreenSize":"1080x2220","deviceScreenDensity":480,"deviceModel":"SM-G960F","devic...
&amp#27;[35m[HTTP]&amp#27;[39m &amp#27;[37m<-- GET /wd/hub/session/648732fc-36e7-42db-83b0-15cc1b5f0e0f &amp#27;[39m&amp#27;[32m200&amp#27;[39m &amp#27;[90m22 ms - 1174&amp#27;[39m
&amp#27;[35m[HTTP]&amp#27;[39m &amp#27;[90m&amp#27;[39m
&amp#27;[35m[HTTP]&amp#27;[39m &amp#27;[37m-->&amp#27;[39m &amp#27;[37mGET&amp#27;[39m &amp#27;[37m/wd/hub/session/648732fc-36e7-42db-83b0-15cc1b5f0e0f&amp#27;[39m
&amp#27;[35m[HTTP]&amp#27;[39m &amp#27;[90m{}&amp#27;[39m
[debug] &amp#27;[35m[W3C (648732fc)]&amp#27;[39m Calling AppiumDriver.getSession() with args: ["648732fc-36e7-42db-83b0-15cc1b5f0e0f"]
[debug] &amp#27;[35m[UiAutomator2]&amp#27;[39m Getting session details from server to mix in
[debug] &amp#27;[35m[WD Proxy]&amp#27;[39m Matched '/' to command name 'getSession'
[debug] &amp#27;[35m[WD Proxy]&amp#27;[39m Proxying [GET /] to [GET http://127.0.0.1:8201/wd/hub/session/e5e44e3b-2cc0-4923-9f78-98ce88465dfd] with no body
[debug] &amp#27;[35m[WD Proxy]&amp#27;[39m Got response with status 200: {"sessionId":"e5e44e3b-2cc0-4923-9f78-98ce88465dfd","value":{"lastScrollData":null}}
[debug] &amp#27;[35m[W3C (648732fc)]&amp#27;[39m Responding to client with driver.getSession() result: {"platform":"LINUX","webStorageEnabled":false,"takesScreenshot":true,"javascriptEnabled":true,"databaseEnabled":false,"networkConnectionEnabled":true,"locationContextEnabled":false,"warnings":{},"desired":{"platformName":"android","app":"C:\\Users\\Admin\\Downloads\\AppiumProject\\AppiumProject\\src\\test\\resources\\app\\ApiDemos-debug.apk","appActivity":"io.appium.android.apis.ApiDemos","appPackage":"io.appium.android.apis","automationName":"UiAutomator2","deviceName":"Any Device Name","newCommandTimeout":60,"noReset":true},"platformName":"android","app":"C:\\Users\\Admin\\Downloads\\AppiumProject\\AppiumProject\\src\\test\\resources\\app\\ApiDemos-debug.apk","appActivity":"io.appium.android.apis.ApiDemos","appPackage":"io.appium.android.apis","automationName":"UiAutomator2","deviceName":"213996502a057ece","newCommandTimeout":60,"noReset":true,"deviceUDID":"213996502a057ece","deviceApiLevel":29,"platformVersion":"10","deviceScreenSize":"1080x2220","deviceScreenDensity":480,"deviceModel":"SM-G960F","devic...
&amp#27;[35m[HTTP]&amp#27;[39m &amp#27;[37m<-- GET /wd/hub/session/648732fc-36e7-42db-83b0-15cc1b5f0e0f &amp#27;[39m&amp#27;[32m200&amp#27;[39m &amp#27;[90m37 ms - 1174&amp#27;[39m
&amp#27;[35m[HTTP]&amp#27;[39m &amp#27;[90m&amp#27;[39m
[INFO ] 2022-01-10 19:22:04.455 com.qa.WebBaseTest:83 - Initializing driver for native app
[INFO ] 2022-01-10 19:22:04.456 com.qa.WebBaseTest:84 - Opening Api Demo app
[INFO ] 2022-01-10 19:22:04.457 com.qa.tests.ApiDemoTest:49 - Instantiating the page object classes for ApiDemos App
&amp#27;[35m[HTTP]&amp#27;[39m &amp#27;[37m-->&amp#27;[39m &amp#27;[37mGET&amp#27;[39m &amp#27;[37m/wd/hub/session/648732fc-36e7-42db-83b0-15cc1b5f0e0f&amp#27;[39m
&amp#27;[35m[HTTP]&amp#27;[39m &amp#27;[90m{}&amp#27;[39m
[debug] &amp#27;[35m[W3C (648732fc)]&amp#27;[39m Calling AppiumDriver.getSession() with args: ["648732fc-36e7-42db-83b0-15cc1b5f0e0f"]
[debug] &amp#27;[35m[UiAutomator2]&amp#27;[39m Getting session details from server to mix in
[debug] &amp#27;[35m[WD Proxy]&amp#27;[39m Matched '/' to command name 'getSession'
[debug] &amp#27;[35m[WD Proxy]&amp#27;[39m Proxying [GET /] to [GET http://127.0.0.1:8201/wd/hub/session/e5e44e3b-2cc0-4923-9f78-98ce88465dfd] with no body
[debug] &amp#27;[35m[WD Proxy]&amp#27;[39m Got response with status 200: {"sessionId":"e5e44e3b-2cc0-4923-9f78-98ce88465dfd","value":{"lastScrollData":null}}
[debug] &amp#27;[35m[W3C (648732fc)]&amp#27;[39m Responding to client with driver.getSession() result: {"platform":"LINUX","webStorageEnabled":false,"takesScreenshot":true,"javascriptEnabled":true,"databaseEnabled":false,"networkConnectionEnabled":true,"locationContextEnabled":false,"warnings":{},"desired":{"platformName":"android","app":"C:\\Users\\Admin\\Downloads\\AppiumProject\\AppiumProject\\src\\test\\resources\\app\\ApiDemos-debug.apk","appActivity":"io.appium.android.apis.ApiDemos","appPackage":"io.appium.android.apis","automationName":"UiAutomator2","deviceName":"Any Device Name","newCommandTimeout":60,"noReset":true},"platformName":"android","app":"C:\\Users\\Admin\\Downloads\\AppiumProject\\AppiumProject\\src\\test\\resources\\app\\ApiDemos-debug.apk","appActivity":"io.appium.android.apis.ApiDemos","appPackage":"io.appium.android.apis","automationName":"UiAutomator2","deviceName":"213996502a057ece","newCommandTimeout":60,"noReset":true,"deviceUDID":"213996502a057ece","deviceApiLevel":29,"platformVersion":"10","deviceScreenSize":"1080x2220","deviceScreenDensity":480,"deviceModel":"SM-G960F","devic...
&amp#27;[35m[HTTP]&amp#27;[39m &amp#27;[37m<-- GET /wd/hub/session/648732fc-36e7-42db-83b0-15cc1b5f0e0f &amp#27;[39m&amp#27;[32m200&amp#27;[39m &amp#27;[90m25 ms - 1174&amp#27;[39m
&amp#27;[35m[HTTP]&amp#27;[39m &amp#27;[90m&amp#27;[39m
&amp#27;[35m[HTTP]&amp#27;[39m &amp#27;[37m-->&amp#27;[39m &amp#27;[37mGET&amp#27;[39m &amp#27;[37m/wd/hub/session/648732fc-36e7-42db-83b0-15cc1b5f0e0f&amp#27;[39m
&amp#27;[35m[HTTP]&amp#27;[39m &amp#27;[90m{}&amp#27;[39m
[debug] &amp#27;[35m[W3C (648732fc)]&amp#27;[39m Calling AppiumDriver.getSession() with args: ["648732fc-36e7-42db-83b0-15cc1b5f0e0f"]
[debug] &amp#27;[35m[UiAutomator2]&amp#27;[39m Getting session details from server to mix in
[debug] &amp#27;[35m[WD Proxy]&amp#27;[39m Matched '/' to command name 'getSession'
[debug] &amp#27;[35m[WD Proxy]&amp#27;[39m Proxying [GET /] to [GET http://127.0.0.1:8201/wd/hub/session/e5e44e3b-2cc0-4923-9f78-98ce88465dfd] with no body
[debug] &amp#27;[35m[WD Proxy]&amp#27;[39m Got response with status 200: {"sessionId":"e5e44e3b-2cc0-4923-9f78-98ce88465dfd","value":{"lastScrollData":null}}
[debug] &amp#27;[35m[W3C (648732fc)]&amp#27;[39m Responding to client with driver.getSession() result: {"platform":"LINUX","webStorageEnabled":false,"takesScreenshot":true,"javascriptEnabled":true,"databaseEnabled":false,"networkConnectionEnabled":true,"locationContextEnabled":false,"warnings":{},"desired":{"platformName":"android","app":"C:\\Users\\Admin\\Downloads\\AppiumProject\\AppiumProject\\src\\test\\resources\\app\\ApiDemos-debug.apk","appActivity":"io.appium.android.apis.ApiDemos","appPackage":"io.appium.android.apis","automationName":"UiAutomator2","deviceName":"Any Device Name","newCommandTimeout":60,"noReset":true},"platformName":"android","app":"C:\\Users\\Admin\\Downloads\\AppiumProject\\AppiumProject\\src\\test\\resources\\app\\ApiDemos-debug.apk","appActivity":"io.appium.android.apis.ApiDemos","appPackage":"io.appium.android.apis","automationName":"UiAutomator2","deviceName":"213996502a057ece","newCommandTimeout":60,"noReset":true,"deviceUDID":"213996502a057ece","deviceApiLevel":29,"platformVersion":"10","deviceScreenSize":"1080x2220","deviceScreenDensity":480,"deviceModel":"SM-G960F","devic...
&amp#27;[35m[HTTP]&amp#27;[39m &amp#27;[37m<-- GET /wd/hub/session/648732fc-36e7-42db-83b0-15cc1b5f0e0f &amp#27;[39m&amp#27;[32m200&amp#27;[39m &amp#27;[90m29 ms - 1174&amp#27;[39m
&amp#27;[35m[HTTP]&amp#27;[39m &amp#27;[90m&amp#27;[39m
&amp#27;[35m[HTTP]&amp#27;[39m &amp#27;[37m-->&amp#27;[39m &amp#27;[37mGET&amp#27;[39m &amp#27;[37m/wd/hub/session/648732fc-36e7-42db-83b0-15cc1b5f0e0f&amp#27;[39m
&amp#27;[35m[HTTP]&amp#27;[39m &amp#27;[90m{}&amp#27;[39m
[debug] &amp#27;[35m[W3C (648732fc)]&amp#27;[39m Calling AppiumDriver.getSession() with args: ["648732fc-36e7-42db-83b0-15cc1b5f0e0f"]
[debug] &amp#27;[35m[UiAutomator2]&amp#27;[39m Getting session details from server to mix in
[debug] &amp#27;[35m[WD Proxy]&amp#27;[39m Matched '/' to command name 'getSession'
[debug] &amp#27;[35m[WD Proxy]&amp#27;[39m Proxying [GET /] to [GET http://127.0.0.1:8201/wd/hub/session/e5e44e3b-2cc0-4923-9f78-98ce88465dfd] with no body
[debug] &amp#27;[35m[WD Proxy]&amp#27;[39m Got response with status 200: {"sessionId":"e5e44e3b-2cc0-4923-9f78-98ce88465dfd","value":{"lastScrollData":null}}
[debug] &amp#27;[35m[W3C (648732fc)]&amp#27;[39m Responding to client with driver.getSession() result: {"platform":"LINUX","webStorageEnabled":false,"takesScreenshot":true,"javascriptEnabled":true,"databaseEnabled":false,"networkConnectionEnabled":true,"locationContextEnabled":false,"warnings":{},"desired":{"platformName":"android","app":"C:\\Users\\Admin\\Downloads\\AppiumProject\\AppiumProject\\src\\test\\resources\\app\\ApiDemos-debug.apk","appActivity":"io.appium.android.apis.ApiDemos","appPackage":"io.appium.android.apis","automationName":"UiAutomator2","deviceName":"Any Device Name","newCommandTimeout":60,"noReset":true},"platformName":"android","app":"C:\\Users\\Admin\\Downloads\\AppiumProject\\AppiumProject\\src\\test\\resources\\app\\ApiDemos-debug.apk","appActivity":"io.appium.android.apis.ApiDemos","appPackage":"io.appium.android.apis","automationName":"UiAutomator2","deviceName":"213996502a057ece","newCommandTimeout":60,"noReset":true,"deviceUDID":"213996502a057ece","deviceApiLevel":29,"platformVersion":"10","deviceScreenSize":"1080x2220","deviceScreenDensity":480,"deviceModel":"SM-G960F","devic...
&amp#27;[35m[HTTP]&amp#27;[39m &amp#27;[37m<-- GET /wd/hub/session/648732fc-36e7-42db-83b0-15cc1b5f0e0f &amp#27;[39m&amp#27;[32m200&amp#27;[39m &amp#27;[90m58 ms - 1174&amp#27;[39m
&amp#27;[35m[HTTP]&amp#27;[39m &amp#27;[90m&amp#27;[39m
&amp#27;[35m[HTTP]&amp#27;[39m &amp#27;[37m-->&amp#27;[39m &amp#27;[37mGET&amp#27;[39m &amp#27;[37m/wd/hub/session/648732fc-36e7-42db-83b0-15cc1b5f0e0f&amp#27;[39m
&amp#27;[35m[HTTP]&amp#27;[39m &amp#27;[90m{}&amp#27;[39m
[debug] &amp#27;[35m[W3C (648732fc)]&amp#27;[39m Calling AppiumDriver.getSession() with args: ["648732fc-36e7-42db-83b0-15cc1b5f0e0f"]
[debug] &amp#27;[35m[UiAutomator2]&amp#27;[39m Getting session details from server to mix in
[debug] &amp#27;[35m[WD Proxy]&amp#27;[39m Matched '/' to command name 'getSession'
[debug] &amp#27;[35m[WD Proxy]&amp#27;[39m Proxying [GET /] to [GET http://127.0.0.1:8201/wd/hub/session/e5e44e3b-2cc0-4923-9f78-98ce88465dfd] with no body
[debug] &amp#27;[35m[WD Proxy]&amp#27;[39m Got response with status 200: {"sessionId":"e5e44e3b-2cc0-4923-9f78-98ce88465dfd","value":{"lastScrollData":null}}
[debug] &amp#27;[35m[W3C (648732fc)]&amp#27;[39m Responding to client with driver.getSession() result: {"platform":"LINUX","webStorageEnabled":false,"takesScreenshot":true,"javascriptEnabled":true,"databaseEnabled":false,"networkConnectionEnabled":true,"locationContextEnabled":false,"warnings":{},"desired":{"platformName":"android","app":"C:\\Users\\Admin\\Downloads\\AppiumProject\\AppiumProject\\src\\test\\resources\\app\\ApiDemos-debug.apk","appActivity":"io.appium.android.apis.ApiDemos","appPackage":"io.appium.android.apis","automationName":"UiAutomator2","deviceName":"Any Device Name","newCommandTimeout":60,"noReset":true},"platformName":"android","app":"C:\\Users\\Admin\\Downloads\\AppiumProject\\AppiumProject\\src\\test\\resources\\app\\ApiDemos-debug.apk","appActivity":"io.appium.android.apis.ApiDemos","appPackage":"io.appium.android.apis","automationName":"UiAutomator2","deviceName":"213996502a057ece","newCommandTimeout":60,"noReset":true,"deviceUDID":"213996502a057ece","deviceApiLevel":29,"platformVersion":"10","deviceScreenSize":"1080x2220","deviceScreenDensity":480,"deviceModel":"SM-G960F","devic...
&amp#27;[35m[HTTP]&amp#27;[39m &amp#27;[37m<-- GET /wd/hub/session/648732fc-36e7-42db-83b0-15cc1b5f0e0f &amp#27;[39m&amp#27;[32m200&amp#27;[39m &amp#27;[90m42 ms - 1174&amp#27;[39m
&amp#27;[35m[HTTP]&amp#27;[39m &amp#27;[90m&amp#27;[39m
&amp#27;[35m[HTTP]&amp#27;[39m &amp#27;[37m-->&amp#27;[39m &amp#27;[37mGET&amp#27;[39m &amp#27;[37m/wd/hub/session/648732fc-36e7-42db-83b0-15cc1b5f0e0f&amp#27;[39m
&amp#27;[35m[HTTP]&amp#27;[39m &amp#27;[90m{}&amp#27;[39m
[debug] &amp#27;[35m[W3C (648732fc)]&amp#27;[39m Calling AppiumDriver.getSession() with args: ["648732fc-36e7-42db-83b0-15cc1b5f0e0f"]
[debug] &amp#27;[35m[UiAutomator2]&amp#27;[39m Getting session details from server to mix in
[debug] &amp#27;[35m[WD Proxy]&amp#27;[39m Matched '/' to command name 'getSession'
[debug] &amp#27;[35m[WD Proxy]&amp#27;[39m Proxying [GET /] to [GET http://127.0.0.1:8201/wd/hub/session/e5e44e3b-2cc0-4923-9f78-98ce88465dfd] with no body
[...]
&amp#27;[35m[HTTP]&amp#27;[39m &amp#27;[90m&amp#27;[39m
&amp#27;[35m[HTTP]&amp#27;[39m &amp#27;[37m-->&amp#27;[39m &amp#27;[37mPOST&amp#27;[39m &amp#27;[37m/wd/hub/session/648732fc-36e7-42db-83b0-15cc1b5f0e0f/element/00000000-0000-0052-ffff-ffff0000005f/click&amp#27;[39m
&amp#27;[35m[HTTP]&amp#27;[39m &amp#27;[90m{"id":"00000000-0000-0052-ffff-ffff0000005f"}&amp#27;[39m
[debug] &amp#27;[35m[W3C (648732fc)]&amp#27;[39m Calling AppiumDriver.click() with args: ["00000000-0000-0052-ffff-ffff0000005f","648732fc-36e7-42db-83b0-15cc1b5f0e0f"]
[debug] &amp#27;[35m[WD Proxy]&amp#27;[39m Matched '/element/00000000-0000-0052-ffff-ffff0000005f/click' to command name 'click'
[debug] &amp#27;[35m[WD Proxy]&amp#27;[39m Proxying [POST /element/00000000-0000-0052-ffff-ffff0000005f/click] to [POST http://127.0.0.1:8201/wd/hub/session/e5e44e3b-2cc0-4923-9f78-98ce88465dfd/element/00000000-0000-0052-ffff-ffff0000005f/click] with body: {"element":"00000000-0000-0052-ffff-ffff0000005f"}
[debug] &amp#27;[35m[WD Proxy]&amp#27;[39m Got response with status 200: {"sessionId":"e5e44e3b-2cc0-4923-9f78-98ce88465dfd","value":null}
[debug] &amp#27;[35m[W3C (648732fc)]&amp#27;[39m Responding to client with driver.click() result: null
[INFO ] 2022-01-10 19:22:28.687 com.qa.pages.CustomAdapterPage:28 - Clicking on Custom Adapter option
&amp#27;[35m[HTTP]&amp#27;[39m &amp#27;[37m<-- PO[INFO ] 2022-01-10 19:22:28.687 com.qa.pages.CustomAdapterPage:33 - Clicking on Custom Adapter option
ST /wd/hub/session/648732fc-36e7-42db-83b0-15cc1b5f0e0f/element/00000000-0000-0052-ffff-ffff0000005f/click &amp#27;[39m&amp#27;[32m200&amp#27;[39m &amp#27;[90m857 ms - 14&amp#27;[39m
&amp#27;[35m[HTTP]&amp#27;[39m &amp#27;[90m&amp#27;[39m
&amp#27;[35m[HTTP]&amp#27;[39m &amp#27;[37m-->&amp#27;[39m &amp#27;[37mGET&amp#27;[39m &amp#27;[37m/wd/hub/session/648732fc-36e7-42db-83b0-15cc1b5f0e0f&amp#27;[39m
&amp#27;[35m[HTTP]&amp#27;[39m &amp#27;[90m{}&amp#27;[39m
[debug] &amp#27;[35m[W3C (648732fc)]&amp#27;[39m Calling AppiumDriver.getSession() with args: ["648732fc-36e7-42db-83b0-15cc1b5f0e0f"]
[debug] &amp#27;[35m[UiAutomator2]&amp#27;[39m Getting session details from server to mix in
[debug] &amp#27;[35m[WD Proxy]&amp#27;[39m Matched '/' to command name 'getSession'
[debug] &amp#27;[35m[WD Proxy]&amp#27;[39m Proxying [GET /] to [GET http://127.0.0.1:8201/wd/hub/session/e5e44e3b-2cc0-4923-9f78-98ce88465dfd] with no body
[debug] &amp#27;[35m[WD Proxy]&amp#27;[39m Got response with status 200: {"sessionId":"e5e44e3b-2cc0-4923-9f78-98ce88465dfd","value":{"lastScrollData":null}}
[debug] &amp#27;[35m[W3C (648732fc)]&amp#27;[39m Responding to client with driver.getSession() result: {"platform":"LINUX","webStorageEnabled":false,"takesScreenshot":true,"javascriptEnabled":true,"databaseEnabled":false,"networkConnectionEnabled":true,"locationContextEnabled":false,"warnings":{},"desired":{"platformName":"android","app":"C:\\Users\\Admin\\Downloads\\AppiumProject\\AppiumProject\\src\\test\\resources\\app\\ApiDemos-debug.apk","appActivity":"io.appium.android.apis.ApiDemos","appPackage":"io.appium.android.apis","automationName":"UiAutomator2","deviceName":"Any Device Name","newCommandTimeout":60,"noReset":true},"platformName":"android","app":"C:\\Users\\Admin\\Downloads\\AppiumProject\\AppiumProject\\src\\test\\resources\\app\\ApiDemos-debug.apk","appActivity":"io.appium.android.apis.ApiDemos","appPackage":"io.appium.android.apis","automationName":"UiAutomator2","deviceName":"213996502a057ece","newCommandTimeout":60,"noReset":true,"deviceUDID":"213996502a057ece","deviceApiLevel":29,"platformVersion":"10","deviceScreenSize":"1080x2220","deviceScreenDensity":480,"deviceModel":"SM-G960F","devic...
&amp#27;[35m[HTTP]&amp#27;[39m &amp#27;[37m<-- GET /wd/hub/session/648732fc-36e7-42db-83b0-15cc1b5f0e0f &amp#27;[39m&amp#27;[32m200&amp#27;[39m &amp#27;[90m14 ms - 1174&amp#27;[39m
&amp#27;[35m[HTTP]&amp#27;[39m &amp#27;[90m&amp#27;[39m
&amp#27;[35m[HTTP]&amp#27;[39m &amp#27;[37m-->&amp#27;[39m &amp#27;[37mPOST&amp#27;[39m &amp#27;[37m/wd/hub/session/648732fc-36e7-42db-83b0-15cc1b5f0e0f/element&amp#27;[39m
&amp#27;[35m[HTTP]&amp#27;[39m &amp#27;[90m{"using":"xpath","value":"//android.widget.TextView[@text='People Names']"}&amp#27;[39m
[debug] &amp#27;[35m[W3C (648732fc)]&amp#27;[39m Calling AppiumDriver.findElement() with args: ["xpath","//android.widget.TextView[@text='People Names']","648732fc-36e7-42db-83b0-15cc1b5f0e0f"]
[debug] &amp#27;[35m[BaseDriver]&amp#27;[39m Valid locator strategies for this request: xpath, id, class name, accessibility id, css selector, -android uiautomator
[debug] &amp#27;[35m[BaseDriver]&amp#27;[39m Waiting up to 0 ms for condition
[debug] &amp#27;[35m[WD Proxy]&amp#27;[39m Matched '/element' to command name 'findElement'
[debug] &amp#27;[35m[WD Proxy]&amp#27;[39m Proxying [POST /element] to [POST http://127.0.0.1:8201/wd/hub/session/e5e44e3b-2cc0-4923-9f78-98ce88465dfd/element] with body: {"strategy":"xpath","selector":"//android.widget.TextView[@text='People Names']","context":"","multiple":false}
[debug] &amp#27;[35m[WD Proxy]&amp#27;[39m Got response with status 200: {"sessionId":"e5e44e3b-2cc0-4923-9f78-98ce88465dfd","value":{"ELEMENT":"00000000-0000-0053-ffff-ffff0000006c","element-6066-11e4-a52e-4f735466cecf":"00000000-0000-0053-ffff-ffff0000006c"}}
[debug] &amp#27;[35m[W3C (648732fc)]&amp#27;[39m Responding to client with driver.findElement() result: {"element-6066-11e4-a52e-4f735466cecf":"00000000-0000-0053-ffff-ffff0000006c","ELEMENT":"00000000-0000-0053-ffff-ffff0000006c"}
&amp#27;[35m[HTTP]&amp#27;[39m &amp#27;[37m<-- POST /wd/hub/session/648732fc-36e7-42db-83b0-15cc1b5f0e0f/element &amp#27;[39m&amp#27;[32m200&amp#27;[39m &amp#27;[90m76 ms - 137&amp#27;[39m
&amp#27;[35m[HTTP]&amp#27;[39m &amp#27;[90m&amp#27;[39m
&amp#27;[35m[HTTP]&amp#27;[39m &amp#27;[37m-->&amp#27;[39m &amp#27;[37mPOST&amp#27;[39m &amp#27;[37m/wd/hub/session/648732fc-36e7-42db-83b0-15cc1b5f0e0f/touch/perform&amp#27;[39m
&amp#27;[35m[HTTP]&amp#27;[39m &amp#27;[90m{"actions":[{"action":"longPress","options":{"duration":2000,"element":"00000000-0000-0053-ffff-ffff0000006c"}},{"action":"release","options":{}}]}&amp#27;[39m
[debug] &amp#27;[35m[W3C (648732fc)]&amp#27;[39m Calling AppiumDriver.performTouch() with args: [[{"action":"longPress","options":{"duration":2000,"element":"00000000-0000-0053-ffff-ffff0000006c"}},{"action":"release","options":{}}],"648732fc-36e7-42db-83b0-15cc1b5f0e0f"]
&amp#27;[35m[UiAutomator2]&amp#27;[39m calling get location: 00000000-0000-0053-ffff-ffff0000006c
[debug] &amp#27;[35m[WD Proxy]&amp#27;[39m Matched '/element/00000000-0000-0053-ffff-ffff0000006c/location' to command name 'getLocation'
[debug] &amp#27;[35m[WD Proxy]&amp#27;[39m Proxying [GET /element/00000000-0000-0053-ffff-ffff0000006c/location] to [GET http://127.0.0.1:8201/wd/hub/session/e5e44e3b-2cc0-4923-9f78-98ce88465dfd/element/00000000-0000-0053-ffff-ffff0000006c/location] with no body
[debug] &amp#27;[35m[WD Proxy]&amp#27;[39m Got response with status 200: {"sessionId":"e5e44e3b-2cc0-4923-9f78-98ce88465dfd","value":{"x":0,"y":240}}
[debug] &amp#27;[35m[WD Proxy]&amp#27;[39m Matched '/element/00000000-0000-0053-ffff-ffff0000006c/size' to command name 'getSize'
[debug] &amp#27;[35m[WD Proxy]&amp#27;[39m Proxying [GET /element/00000000-0000-0053-ffff-ffff0000006c/size] to [GET http://127.0.0.1:8201/wd/hub/session/e5e44e3b-2cc0-4923-9f78-98ce88465dfd/element/00000000-0000-0053-ffff-ffff0000006c/size] with no body
[debug] &amp#27;[35m[WD Proxy]&amp#27;[39m Got response with status 200: {"sessionId":"e5e44e3b-2cc0-4923-9f78-98ce88465dfd","value":{"height":64,"width":1080}}
[debug] &amp#27;[35m[WD Proxy]&amp#27;[39m Matched '/touch/longclick' to command name 'touchLongClick'
[debug] &amp#27;[35m[WD Proxy]&amp#27;[39m Proxying [POST /touch/longclick] to [POST http://127.0.0.1:8201/wd/hub/session/e5e44e3b-2cc0-4923-9f78-98ce88465dfd/touch/longclick] with body: {"params":{"element":null,"x":540,"y":272,"duration":2000}}
[debug] &amp#27;[35m[WD Proxy]&amp#27;[39m Got response with status 200: {"sessionId":"e5e44e3b-2cc0-4923-9f78-98ce88465dfd","value":null}
[debug] &amp#27;[35m[W3C (648732fc)]&amp#27;[39m Responding to client with driver.performTouch() result: null
&amp#27;[[INFO ] 2022-01-10 19:22:32.476 com.qa.utils.TestUtils:66 - Perform long press action on the element:Located by By.chained({By.xpath: //android.widget.TextView[@text='People Names']})
35m[HTTP]&amp#27;[39m &amp#27;[37m<-- POST /wd/hub/session/648732fc-36e7-42db-83b0-15cc1b5f0e0f/touch/perform &amp#27;[39m&amp#27;[32m200&amp#27;[39m &amp#27;[90m3653 ms - 14&amp#27;[39m
&amp#27;[35m[HTTP]&amp#27;[39m &amp#27;[90m&amp#27;[39m
[INFO ] 2022-01-10 19:22:32.477 com.qa.pages.CustomAdapterPage:40 - Checking Sample Menu text
&amp#27;[35m[HTTP]&amp#27;[39m &amp#27;[37m-->&amp#27;[39m &amp#27;[37mGET&amp#27;[39m &amp#27;[37m/wd/hub/session/648732fc-36e7-42db-83b0-15cc1b5f0e0f&amp#27;[39m
&amp#27;[35m[HTTP]&amp#27;[39m &amp#27;[90m{}&amp#27;[39m
[debug] &amp#27;[35m[W3C (648732fc)]&amp#27;[39m Calling AppiumDriver.getSession() with args: ["648732fc-36e7-42db-83b0-15cc1b5f0e0f"]
[debug] &amp#27;[35m[UiAutomator2]&amp#27;[39m Getting session details from server to mix in
[debug] &amp#27;[35m[WD Proxy]&amp#27;[39m Matched '/' to command name 'getSession'
[debug] &amp#27;[35m[WD Proxy]&amp#27;[39m Proxying [GET /] to [GET http://127.0.0.1:8201/wd/hub/session/e5e44e3b-2cc0-4923-9f78-98ce88465dfd] with no body
[debug] &amp#27;[35m[WD Proxy]&amp#27;[39m Got response with status 200: {"sessionId":"e5e44e3b-2cc0-4923-9f78-98ce88465dfd","value":{"lastScrollData":null}}
[debug] &amp#27;[35m[W3C (648732fc)]&amp#27;[39m Responding to client with driver.getSession() result: {"platform":"LINUX","webStorageEnabled":false,"takesScreenshot":true,"javascriptEnabled":true,"databaseEnabled":false,"networkConnectionEnabled":true,"locationContextEnabled":false,"warnings":{},"desired":{"platformName":"android","app":"C:\\Users\\Admin\\Downloads\\AppiumProject\\AppiumProject\\src\\test\\resources\\app\\ApiDemos-debug.apk","appActivity":"io.appium.android.apis.ApiDemos","appPackage":"io.appium.android.apis","automationName":"UiAutomator2","deviceName":"Any Device Name","newCommandTimeout":60,"noReset":true},"platformName":"android","app":"C:\\Users\\Admin\\Downloads\\AppiumProject\\AppiumProject\\src\\test\\resources\\app\\ApiDemos-debug.apk","appActivity":"io.appium.android.apis.ApiDemos","appPackage":"io.appium.android.apis","automationName":"UiAutomator2","deviceName":"213996502a057ece","newCommandTimeout":60,"noReset":true,"deviceUDID":"213996502a057ece","deviceApiLevel":29,"platformVersion":"10","deviceScreenSize":"1080x2220","deviceScreenDensity":480,"deviceModel":"SM-G960F","devic...
&amp#27;[35m[HTTP]&amp#27;[39m &amp#27;[37m<-- GET /wd/hub/session/648732fc-36e7-42db-83b0-15cc1b5f0e0f &amp#27;[39m&amp#27;[32m200&amp#27;[39m &amp#27;[90m47 ms - 1174&amp#27;[39m
&amp#27;[35m[HTTP]&amp#27;[39m &amp#27;[90m&amp#27;[39m
&amp#27;[35m[HTTP]&amp#27;[39m &amp#27;[37m-->&amp#27;[39m &amp#27;[37mPOST&amp#27;[39m &amp#27;[37m/wd/hub/session/648732fc-36e7-42db-83b0-15cc1b5f0e0f/element&amp#27;[39m
&amp#27;[35m[HTTP]&amp#27;[39m &amp#27;[90m{"using":"xpath","value":"//android.widget.TextView[@text = 'Sample menu']"}&amp#27;[39m
[debug] &amp#27;[35m[W3C (648732fc)]&amp#27;[39m Calling AppiumDriver.findElement() with args: ["xpath","//android.widget.TextView[@text = 'Sample menu']","648732fc-36e7-42db-83b0-15cc1b5f0e0f"]
[debug] &amp#27;[35m[BaseDriver]&amp#27;[39m Valid locator strategies for this request: xpath, id, class name, accessibility id, css selector, -android uiautomator
[debug] &amp#27;[35m[BaseDriver]&amp#27;[39m Waiting up to 0 ms for condition
[debug] &amp#27;[35m[WD Proxy]&amp#27;[39m Matched '/element' to command name 'findElement'
[debug] &amp#27;[35m[WD Proxy]&amp#27;[39m Proxying [POST /element] to [POST http://127.0.0.1:8201/wd/hub/session/e5e44e3b-2cc0-4923-9f78-98ce88465dfd/element] with body: {"strategy":"xpath","selector":"//android.widget.TextView[@text = 'Sample menu']","context":"","multiple":false}
[debug] &amp#27;[35m[WD Proxy]&amp#27;[39m Got response with status 200: {"sessionId":"e5e44e3b-2cc0-4923-9f78-98ce88465dfd","value":{"ELEMENT":"00000000-0000-0054-ffff-ffff00000075","element-6066-11e4-a52e-4f735466cecf":"00000000-0000-0054-ffff-ffff00000075"}}
[debug] &amp#27;[35m[W3C (648732fc)]&amp#27;[39m Responding to client with driver.findElement() result: {"element-6066-11e4-a52e-4f735466cecf":"00000000-0000-0054-ffff-ffff00000075","ELEMENT":"00000000-0000-0054-ffff-ffff00000075"}
&amp#27;[35m[HTTP]&amp#27;[39m &amp#27;[37m<-- POST /wd/hub/session/648732fc-36e7-42db-83b0-15cc1b5f0e0f/element &amp#27;[39m&amp#27;[32m200&amp#27;[39m &amp#27;[90m123 ms - 137&amp#27;[39m
&amp#27;[35m[HTTP]&amp#27;[39m &amp#27;[90m&amp#27;[39m
&amp#27;[35m[HTTP]&amp#27;[39m &amp#27;[37m-->&amp#27;[39m &amp#27;[37mGET&amp#27;[39m &amp#27;[37m/wd/hub/session/648732fc-36e7-42db-83b0-15cc1b5f0e0f/element/00000000-0000-0054-ffff-ffff00000075/displayed&amp#27;[39m
&amp#27;[35m[HTTP]&amp#27;[39m &amp#27;[90m{}&amp#27;[39m
[debug] &amp#27;[35m[W3C (648732fc)]&amp#27;[39m Calling AppiumDriver.elementDisplayed() with args: ["00000000-0000-0054-ffff-ffff00000075","648732fc-36e7-42db-83b0-15cc1b5f0e0f"]
[debug] &amp#27;[35m[WD Proxy]&amp#27;[39m Matched '/element/00000000-0000-0054-ffff-ffff00000075/attribute/displayed' to command name 'getAttribute'
[debug] &amp#27;[35m[WD Proxy]&amp#27;[39m Proxying [GET /element/00000000-0000-0054-ffff-ffff00000075/attribute/displayed] to [GET http://127.0.0.1:8201/wd/hub/session/e5e44e3b-2cc0-4923-9f78-98ce88465dfd/element/00000000-0000-0054-ffff-ffff00000075/attribute/displayed] with no body
[debug] &amp#27;[35m[WD Proxy]&amp#27;[39m Got response with status 200: {"sessionId":"e5e44e3b-2cc0-4923-9f78-98ce88465dfd","value":"true"}
[debug] &amp#27;[35m[W3C (648732fc)]&amp#27;[39m Responding to client with driver.elementDisplayed() result: true
&amp#27;[35m[HTTP]&amp#27;[39m &amp#27;[37m<-- GET /wd/hub/session/648732fc-36e7-42db-83b0-15cc1b5f0e0f/element/00000000-0000-0054-ffff-ffff00000075/displayed &amp#27;[39m&amp#27;[32m200&amp#27;[39m &amp#27;[90m40 ms - 14&amp#27;[39m
&amp#27;[35m[HTTP]&amp#27;[39m &amp#27;[90m&amp#27;[39m
&amp#27;[35m[HTTP]&amp#27;[39m &amp#27;[37m-->&amp#27;[39m &amp#27;[37mGET&amp#27;[39m &amp#27;[37m/wd/hub/session/648732fc-36e7-42db-83b0-15cc1b5f0e0f&amp#27;[39m
&amp#27;[35m[HTTP]&amp#27;[39m &amp#27;[90m{}&amp#27;[39m
[debug] &amp#27;[35m[W3C (648732fc)]&amp#27;[39m Calling AppiumDriver.getSession() with args: ["648732fc-36e7-42db-83b0-15cc1b5f0e0f"]
[debug] &amp#27;[35m[UiAutomator2]&amp#27;[39m Getting session details from server to mix in
[debug] &amp#27;[35m[WD Proxy]&amp#27;[39m Matched '/' to command name 'getSession'
[debug] &amp#27;[35m[WD Proxy]&amp#27;[39m Proxying [GET /] to [GET http://127.0.0.1:8201/wd/hub/session/e5e44e3b-2cc0-4923-9f78-98ce88465dfd] with no body
[debug] &amp#27;[35m[WD Proxy]&amp#27;[39m Got response with status 200: {"sessionId":"e5e44e3b-2cc0-4923-9f78-98ce88465dfd","value":{"lastScrollData":null}}
[debug] &amp#27;[35m[W3C (648732fc)]&amp#27;[39m Responding to client with driver.getSession() result: {"platform":"LINUX","webStorageEnabled":false,"takesScreenshot":true,"javascriptEnabled":true,"databaseEnabled":false,"networkConnectionEnabled":true,"locationContextEnabled":false,"warnings":{},"desired":{"platformName":"android","app":"C:\\Users\\Admin\\Downloads\\AppiumProject\\AppiumProject\\src\\test\\resources\\app\\ApiDemos-debug.apk","appActivity":"io.appium.android.apis.ApiDemos","appPackage":"io.appium.android.apis","automationName":"UiAutomator2","deviceName":"Any Device Name","newCommandTimeout":60,"noReset":true},"platformName":"android","app":"C:\\Users\\Admin\\Downloads\\AppiumProject\\AppiumProject\\src\\test\\resources\\app\\ApiDemos-debug.apk","appActivity":"io.appium.android.apis.ApiDemos","appPackage":"io.appium.android.apis","automationName":"UiAutomator2","deviceName":"213996502a057ece","newCommandTimeout":60,"noReset":true,"deviceUDID":"213996502a057ece","deviceApiLevel":29,"platformVersion":"10","deviceScreenSize":"1080x2220","deviceScreenDensity":480,"deviceModel":"SM-G960F","devic...
&amp#27;[35m[HTTP]&amp#27;[39m &amp#27;[37m<-- GET /wd/hub/session/648732fc-36e7-42db-83b0-15cc1b5f0e0f &amp#27;[39m&amp#27;[32m200&amp#27;[39m &amp#27;[90m51 ms - 1174&amp#27;[39m
&amp#27;[35m[HTTP]&amp#27;[39m &amp#27;[90m&amp#27;[39m
&amp#27;[35m[HTTP]&amp#27;[39m &amp#27;[37m-->&amp#27;[39m &amp#27;[37mPOST&amp#27;[39m &amp#27;[37m/wd/hub/session/648732fc-36e7-42db-83b0-15cc1b5f0e0f/element&amp#27;[39m
&amp#27;[35m[HTTP]&amp#27;[39m &amp#27;[90m{"using":"xpath","value":"//android.widget.TextView[@text = 'Sample menu']"}&amp#27;[39m
[debug] &amp#27;[35m[W3C (648732fc)]&amp#27;[39m Calling AppiumDriver.findElement() with args: ["xpath","//android.widget.TextView[@text = 'Sample menu']","648732fc-36e7-42db-83b0-15cc1b5f0e0f"]
[debug] &amp#27;[35m[BaseDriver]&amp#27;[39m Valid locator strategies for this request: xpath, id, class name, accessibility id, css selector, -android uiautomator
[debug] &amp#27;[35m[BaseDriver]&amp#27;[39m Waiting up to 0 ms for condition
[debug] &amp#27;[35m[WD Proxy]&amp#27;[39m Matched '/element' to command name 'findElement'
[debug] &amp#27;[35m[WD Proxy]&amp#27;[39m Proxying [POST /element] to [POST http://127.0.0.1:8201/wd/hub/session/e5e44e3b-2cc0-4923-9f78-98ce88465dfd/element] with body: {"strategy":"xpath","selector":"//android.widget.TextView[@text = 'Sample menu']","context":"","multiple":false}
[debug] &amp#27;[35m[WD Proxy]&amp#27;[39m Got response with status 200: {"sessionId":"e5e44e3b-2cc0-4923-9f78-98ce88465dfd","value":{"ELEMENT":"00000000-0000-0054-ffff-ffff00000075","element-6066-11e4-a52e-4f735466cecf":"00000000-0000-0054-ffff-ffff00000075"}}
[debug] &amp#27;[35m[W3C (648732fc)]&amp#27;[39m Responding to client with driver.findElement() result: {"element-6066-11e4-a52e-4f735466cecf":"00000000-0000-0054-ffff-ffff00000075","ELEMENT":"00000000-0000-0054-ffff-ffff00000075"}
&amp#27;[35m[HTTP]&amp#27;[39m &amp#27;[37m<-- POST /wd/hub/session/648732fc-36e7-42db-83b0-15cc1b5f0e0f/element &amp#27;[39m&amp#27;[32m200&amp#27;[39m &amp#27;[90m126 ms - 137&amp#27;[39m
&amp#27;[35m[HTTP]&amp#27;[39m &amp#27;[90m&amp#27;[39m
&amp#27;[35m[HTTP]&amp#27;[39m &amp#27;[37m-->&amp#27;[39m &amp#27;[37mGET&amp#27;[39m &amp#27;[37m/wd/hub/session/648732fc-36e7-42db-83b0-15cc1b5f0e0f/element/00000000-0000-0054-ffff-ffff00000075/displayed&amp#27;[39m
&amp#27;[35m[HTTP]&amp#27;[39m &amp#27;[90m{}&amp#27;[39m
[debug] &amp#27;[35m[W3C (648732fc)]&amp#27;[39m Calling AppiumDriver.elementDisplayed() with args: ["00000000-0000-0054-ffff-ffff00000075","648732fc-36e7-42db-83b0-15cc1b5f0e0f"]
[debug] &amp#27;[35m[WD Proxy]&amp#27;[39m Matched '/element/00000000-0000-0054-ffff-ffff00000075/attribute/displayed' to command name 'getAttribute'
[debug] &amp#27;[35m[WD Proxy]&amp#27;[39m Proxying [GET /element/00000000-0000-0054-ffff-ffff00000075/attribute/displayed] to [GET http://127.0.0.1:8201/wd/hub/session/e5e44e3b-2cc0-4923-9f78-98ce88465dfd/element/00000000-0000-0054-ffff-ffff00000075/attribute/displayed] with no body
[debug] &amp#27;[35m[WD Proxy]&amp#27;[39m Got response with status 200: {"sessionId":"e5e44e3b-2cc0-4923-9f78-98ce88465dfd","value":"true"}
[debug] &amp#27;[35m[W3C (648732fc)]&amp#27;[39m Responding to client with driver.elementDisplayed() result: true
&amp#27;[35m[HTTP]&amp#27;[39m &amp#27;[37m<-- GET /wd/hub/session/648732fc-36e7-42db-83b0-15cc1b5f0e0f/element/00000000-0000-0054-ffff-ffff00000075/displayed &amp#27;[39m&amp#27;[32m200&amp#27;[39m &amp#27;[90m47 ms - 14&amp#27;[39m
&amp#27;[35m[HTTP]&amp#27;[39m &amp#27;[90m]]></system-out>
  </testcase>
</testsuite>