<?xml version="1.0" encoding="UTF-8"?>
<testng-results skipped="0" failed="0" ignored="0" total="6" passed="6">
  <reporter-output>
  </reporter-output>
  <suite name="Suite" duration-ms="55703" started-at="2022-01-18T14:21:41Z" finished-at="2022-01-18T14:22:37Z">
    <groups>
    </groups>
    <test name="Test" duration-ms="19270" started-at="2022-01-18T14:21:41Z" finished-at="2022-01-18T14:22:01Z">
      <class name="com.qa.webtests.AmazonWebTest">
        <test-method status="PASS" signature="beforeTest(java.lang.String, java.lang.String, java.lang.String)[pri:0, instance:com.qa.webtests.AmazonWebTest@8317c52]" name="beforeTest" is-config="true" duration-ms="15508" started-at="2022-01-18T14:21:41Z" finished-at="2022-01-18T14:21:57Z">
          <params>
            <param index="0">
              <value>
                <![CDATA[Android]]>
              </value>
            </param>
            <param index="1">
              <value>
                <![CDATA[Samsung S9]]>
              </value>
            </param>
            <param index="2">
              <value>
                <![CDATA[Chrome]]>
              </value>
            </param>
          </params>
          <reporter-output>
          </reporter-output>
        </test-method> <!-- beforeTest -->
        <test-method status="PASS" signature="beforeMethod()[pri:0, instance:com.qa.webtests.AmazonWebTest@8317c52]" name="beforeMethod" is-config="true" duration-ms="286" started-at="2022-01-18T14:21:57Z" finished-at="2022-01-18T14:21:57Z">
          <reporter-output>
          </reporter-output>
        </test-method> <!-- beforeMethod -->
        <test-method status="PASS" signature="verifyAmazonLogoTest()[pri:1, instance:com.qa.webtests.AmazonWebTest@8317c52]" name="verifyAmazonLogoTest" duration-ms="356" started-at="2022-01-18T14:21:57Z" finished-at="2022-01-18T14:21:58Z">
          <reporter-output>
          </reporter-output>
        </test-method> <!-- verifyAmazonLogoTest -->
        <test-method status="PASS" signature="beforeMethod()[pri:0, instance:com.qa.webtests.AmazonWebTest@8317c52]" name="beforeMethod" is-config="true" duration-ms="2" started-at="2022-01-18T14:21:58Z" finished-at="2022-01-18T14:21:58Z">
          <reporter-output>
          </reporter-output>
        </test-method> <!-- beforeMethod -->
        <test-method status="PASS" signature="searchItemsandVerifyTitleTest()[pri:2, instance:com.qa.webtests.AmazonWebTest@8317c52]" name="searchItemsandVerifyTitleTest" duration-ms="3016" started-at="2022-01-18T14:21:58Z" finished-at="2022-01-18T14:22:01Z">
          <reporter-output>
          </reporter-output>
        </test-method> <!-- searchItemsandVerifyTitleTest -->
        <test-method status="PASS" signature="scrollToBottomTest()[pri:3, instance:com.qa.webtests.AmazonWebTest@8317c52]" name="scrollToBottomTest" duration-ms="27" started-at="2022-01-18T14:22:01Z" finished-at="2022-01-18T14:22:01Z">
          <reporter-output>
          </reporter-output>
        </test-method> <!-- scrollToBottomTest -->
        <test-method status="PASS" signature="beforeMethod()[pri:0, instance:com.qa.webtests.AmazonWebTest@8317c52]" name="beforeMethod" is-config="true" duration-ms="0" started-at="2022-01-18T14:22:01Z" finished-at="2022-01-18T14:22:01Z">
          <reporter-output>
          </reporter-output>
        </test-method> <!-- beforeMethod -->
        <test-method status="FAIL" signature="tearDown()[pri:0, instance:com.qa.webtests.AmazonWebTest@8317c52]" name="tearDown" is-config="true" duration-ms="0" started-at="2022-01-18T14:22:01Z" finished-at="2022-01-18T14:22:01Z">
          <exception class="java.lang.NullPointerException">
            <full-stacktrace>
              <![CDATA[java.lang.NullPointerException
at com.qa.WebBaseTest.tearDown(WebBaseTest.java:204)
at sun.reflect.NativeMethodAccessorImpl.invoke0(Native Method)
at sun.reflect.NativeMethodAccessorImpl.invoke(NativeMethodAccessorImpl.java:62)
at sun.reflect.DelegatingMethodAccessorImpl.invoke(DelegatingMethodAccessorImpl.java:43)
at java.lang.reflect.Method.invoke(Method.java:498)
at org.testng.internal.MethodInvocationHelper.invokeMethod(MethodInvocationHelper.java:124)
at org.testng.internal.MethodInvocationHelper.invokeMethodConsideringTimeout(MethodInvocationHelper.java:59)
at org.testng.internal.Invoker.invokeConfigurationMethod(Invoker.java:458)
at org.testng.internal.Invoker.invokeConfigurations(Invoker.java:222)
at org.testng.internal.Invoker.invokeConfigurations(Invoker.java:142)
at org.testng.TestRunner.afterRun(TestRunner.java:725)
at org.testng.TestRunner.run(TestRunner.java:509)
at org.testng.SuiteRunner.runTest(SuiteRunner.java:455)
at org.testng.SuiteRunner.runSequentially(SuiteRunner.java:450)
at org.testng.SuiteRunner.privateRun(SuiteRunner.java:415)
at org.testng.SuiteRunner.run(SuiteRunner.java:364)
at org.testng.SuiteRunnerWorker.runSuite(SuiteRunnerWorker.java:52)
at org.testng.SuiteRunnerWorker.run(SuiteRunnerWorker.java:84)
at org.testng.TestNG.runSuitesSequentially(TestNG.java:1208)
at org.testng.TestNG.runSuitesLocally(TestNG.java:1137)
at org.testng.TestNG.runSuites(TestNG.java:1049)
at org.testng.TestNG.run(TestNG.java:1017)
at org.apache.maven.surefire.testng.TestNGExecutor.run(TestNGExecutor.java:284)
at org.apache.maven.surefire.testng.TestNGXmlTestSuite.execute(TestNGXmlTestSuite.java:75)
at org.apache.maven.surefire.testng.TestNGProvider.invoke(TestNGProvider.java:119)
at org.apache.maven.surefire.booter.ForkedBooter.runSuitesInProcess(ForkedBooter.java:428)
at org.apache.maven.surefire.booter.ForkedBooter.execute(ForkedBooter.java:162)
at org.apache.maven.surefire.booter.ForkedBooter.run(ForkedBooter.java:562)
at org.apache.maven.surefire.booter.ForkedBooter.main(ForkedBooter.java:548)
]]>
            </full-stacktrace>
          </exception> <!-- java.lang.NullPointerException -->
          <reporter-output>
          </reporter-output>
        </test-method> <!-- tearDown -->
      </class> <!-- com.qa.webtests.AmazonWebTest -->
    </test> <!-- Test -->
    <test name="Test1" duration-ms="35677" started-at="2022-01-18T14:22:01Z" finished-at="2022-01-18T14:22:37Z">
      <class name="com.qa.tests.ApiDemoTest">
        <test-method status="PASS" signature="beforesecondTest(java.lang.String, java.lang.String)[pri:0, instance:com.qa.tests.ApiDemoTest@378542de]" name="beforesecondTest" is-config="true" duration-ms="9471" started-at="2022-01-18T14:22:01Z" finished-at="2022-01-18T14:22:11Z">
          <params>
            <param index="0">
              <value>
                <![CDATA[Android]]>
              </value>
            </param>
            <param index="1">
              <value>
                <![CDATA[Any Device Name]]>
              </value>
            </param>
          </params>
          <reporter-output>
          </reporter-output>
        </test-method> <!-- beforesecondTest -->
        <test-method status="PASS" signature="beforeMethod()[pri:0, instance:com.qa.tests.ApiDemoTest@378542de]" name="beforeMethod" is-config="true" duration-ms="636" started-at="2022-01-18T14:22:11Z" finished-at="2022-01-18T14:22:12Z">
          <reporter-output>
          </reporter-output>
        </test-method> <!-- beforeMethod -->
        <test-method status="PASS" signature="scrollTest()[pri:1, instance:com.qa.tests.ApiDemoTest@378542de]" name="scrollTest" duration-ms="9558" started-at="2022-01-18T14:22:12Z" finished-at="2022-01-18T14:22:21Z">
          <reporter-output>
          </reporter-output>
        </test-method> <!-- scrollTest -->
        <test-method status="PASS" signature="afterMethod()[pri:0, instance:com.qa.tests.ApiDemoTest@378542de]" name="afterMethod" is-config="true" duration-ms="0" started-at="2022-01-18T14:22:21Z" finished-at="2022-01-18T14:22:21Z">
          <reporter-output>
          </reporter-output>
        </test-method> <!-- afterMethod -->
        <test-method status="PASS" signature="afterMethod(org.testng.ITestResult)[pri:0, instance:com.qa.tests.ApiDemoTest@378542de]" name="afterMethod" is-config="true" duration-ms="184" started-at="2022-01-18T14:22:21Z" finished-at="2022-01-18T14:22:21Z">
          <params>
            <param index="0">
              <value>
                <![CDATA[[TestResult name=scrollTest status=SUCCESS method=ApiDemoTest.scrollTest()[pri:1, instance:com.qa.tests.ApiDemoTest@378542de] output={null}]]]>
              </value>
            </param>
          </params>
          <reporter-output>
          </reporter-output>
        </test-method> <!-- afterMethod -->
        <test-method status="PASS" signature="beforeMethod()[pri:0, instance:com.qa.tests.ApiDemoTest@378542de]" name="beforeMethod" is-config="true" duration-ms="437" started-at="2022-01-18T14:22:21Z" finished-at="2022-01-18T14:22:22Z">
          <reporter-output>
          </reporter-output>
        </test-method> <!-- beforeMethod -->
        <test-method status="PASS" signature="dragandDropTest()[pri:2, instance:com.qa.tests.ApiDemoTest@378542de]" name="dragandDropTest" duration-ms="7694" started-at="2022-01-18T14:22:22Z" finished-at="2022-01-18T14:22:29Z">
          <reporter-output>
          </reporter-output>
        </test-method> <!-- dragandDropTest -->
        <test-method status="PASS" signature="afterMethod()[pri:0, instance:com.qa.tests.ApiDemoTest@378542de]" name="afterMethod" is-config="true" duration-ms="0" started-at="2022-01-18T14:22:29Z" finished-at="2022-01-18T14:22:29Z">
          <reporter-output>
          </reporter-output>
        </test-method> <!-- afterMethod -->
        <test-method status="PASS" signature="afterMethod(org.testng.ITestResult)[pri:0, instance:com.qa.tests.ApiDemoTest@378542de]" name="afterMethod" is-config="true" duration-ms="172" started-at="2022-01-18T14:22:29Z" finished-at="2022-01-18T14:22:30Z">
          <params>
            <param index="0">
              <value>
                <![CDATA[[TestResult name=dragandDropTest status=SUCCESS method=ApiDemoTest.dragandDropTest()[pri:2, instance:com.qa.tests.ApiDemoTest@378542de] output={null}]]]>
              </value>
            </param>
          </params>
          <reporter-output>
          </reporter-output>
        </test-method> <!-- afterMethod -->
        <test-method status="PASS" signature="beforeMethod()[pri:0, instance:com.qa.tests.ApiDemoTest@378542de]" name="beforeMethod" is-config="true" duration-ms="313" started-at="2022-01-18T14:22:30Z" finished-at="2022-01-18T14:22:30Z">
          <reporter-output>
          </reporter-output>
        </test-method> <!-- beforeMethod -->
        <test-method status="PASS" signature="touchgesturesTest()[pri:3, instance:com.qa.tests.ApiDemoTest@378542de]" name="touchgesturesTest" duration-ms="6553" started-at="2022-01-18T14:22:30Z" finished-at="2022-01-18T14:22:36Z">
          <reporter-output>
          </reporter-output>
        </test-method> <!-- touchgesturesTest -->
        <test-method status="PASS" signature="afterMethod(org.testng.ITestResult)[pri:0, instance:com.qa.tests.ApiDemoTest@378542de]" name="afterMethod" is-config="true" duration-ms="210" started-at="2022-01-18T14:22:36Z" finished-at="2022-01-18T14:22:37Z">
          <params>
            <param index="0">
              <value>
                <![CDATA[[TestResult name=touchgesturesTest status=SUCCESS method=ApiDemoTest.touchgesturesTest()[pri:3, instance:com.qa.tests.ApiDemoTest@378542de] output={null}]]]>
              </value>
            </param>
          </params>
          <reporter-output>
          </reporter-output>
        </test-method> <!-- afterMethod -->
        <test-method status="PASS" signature="afterMethod()[pri:0, instance:com.qa.tests.ApiDemoTest@378542de]" name="afterMethod" is-config="true" duration-ms="0" started-at="2022-01-18T14:22:36Z" finished-at="2022-01-18T14:22:36Z">
          <reporter-output>
          </reporter-output>
        </test-method> <!-- afterMethod -->
        <test-method status="PASS" signature="tearDown()[pri:0, instance:com.qa.tests.ApiDemoTest@378542de]" name="tearDown" is-config="true" duration-ms="437" started-at="2022-01-18T14:22:37Z" finished-at="2022-01-18T14:22:37Z">
          <reporter-output>
          </reporter-output>
        </test-method> <!-- tearDown -->
      </class> <!-- com.qa.tests.ApiDemoTest -->
      <class name="com.qa.webtests.AmazonWebTest">
        <test-method status="PASS" signature="beforeSuite()[pri:0, instance:com.qa.webtests.AmazonWebTest@8317c52]" name="beforeSuite" is-config="true" duration-ms="4950" started-at="2022-01-18T14:21:36Z" finished-at="2022-01-18T14:21:41Z">
          <reporter-output>
          </reporter-output>
        </test-method> <!-- beforeSuite -->
        <test-method status="PASS" signature="afterSuite()[pri:0, instance:com.qa.webtests.AmazonWebTest@8317c52]" name="afterSuite" is-config="true" duration-ms="62" started-at="2022-01-18T14:22:37Z" finished-at="2022-01-18T14:22:37Z">
          <reporter-output>
          </reporter-output>
        </test-method> <!-- afterSuite -->
      </class> <!-- com.qa.webtests.AmazonWebTest -->
    </test> <!-- Test1 -->
  </suite> <!-- Suite -->
</testng-results>
