<?xml version="1.0" encoding="UTF-8"?>
<testng-results skipped="0" failed="0" ignored="0" total="6" passed="6">
  <reporter-output>
  </reporter-output>
  <suite name="Suite" duration-ms="56496" started-at="2022-01-10T13:51:37Z" finished-at="2022-01-10T13:52:33Z">
    <groups>
    </groups>
    <test name="Test" duration-ms="17600" started-at="2022-01-10T13:51:37Z" finished-at="2022-01-10T13:51:54Z">
      <class name="com.qa.webtests.AmazonWebTest">
        <test-method status="PASS" signature="beforeTest(java.lang.String, java.lang.String, java.lang.String)[pri:0, instance:com.qa.webtests.AmazonWebTest@568ff82]" name="beforeTest" is-config="true" duration-ms="14107" started-at="2022-01-10T13:51:37Z" finished-at="2022-01-10T13:51:51Z">
          <params>
            <param index="0">
              <value>
                <![CDATA[Android]]>
              </value>
            </param>
            <param index="1">
              <value>
                <![CDATA[Any Device Name]]>
              </value>
            </param>
            <param index="2">
              <value>
                <![CDATA[Chrome]]>
              </value>
            </param>
          </params>
          <reporter-output>
          </reporter-output>
        </test-method> <!-- beforeTest -->
        <test-method status="PASS" signature="beforeMethod()[pri:0, instance:com.qa.webtests.AmazonWebTest@568ff82]" name="beforeMethod" is-config="true" duration-ms="314" started-at="2022-01-10T13:51:51Z" finished-at="2022-01-10T13:51:51Z">
          <reporter-output>
          </reporter-output>
        </test-method> <!-- beforeMethod -->
        <test-method status="PASS" signature="verifyAmazonLogoTest()[pri:1, instance:com.qa.webtests.AmazonWebTest@568ff82]" name="verifyAmazonLogoTest" duration-ms="43" started-at="2022-01-10T13:51:51Z" finished-at="2022-01-10T13:51:51Z">
          <reporter-output>
          </reporter-output>
        </test-method> <!-- verifyAmazonLogoTest -->
        <test-method status="PASS" signature="beforeMethod()[pri:0, instance:com.qa.webtests.AmazonWebTest@568ff82]" name="beforeMethod" is-config="true" duration-ms="4" started-at="2022-01-10T13:51:51Z" finished-at="2022-01-10T13:51:51Z">
          <reporter-output>
          </reporter-output>
        </test-method> <!-- beforeMethod -->
        <test-method status="PASS" signature="searchItemsandVerifyTitleTest()[pri:2, instance:com.qa.webtests.AmazonWebTest@568ff82]" name="searchItemsandVerifyTitleTest" duration-ms="3013" started-at="2022-01-10T13:51:51Z" finished-at="2022-01-10T13:51:54Z">
          <reporter-output>
          </reporter-output>
        </test-method> <!-- searchItemsandVerifyTitleTest -->
        <test-method status="PASS" signature="beforeMethod()[pri:0, instance:com.qa.webtests.AmazonWebTest@568ff82]" name="beforeMethod" is-config="true" duration-ms="13" started-at="2022-01-10T13:51:54Z" finished-at="2022-01-10T13:51:54Z">
          <reporter-output>
          </reporter-output>
        </test-method> <!-- beforeMethod -->
        <test-method status="PASS" signature="scrollToBottomTest()[pri:3, instance:com.qa.webtests.AmazonWebTest@568ff82]" name="scrollToBottomTest" duration-ms="37" started-at="2022-01-10T13:51:54Z" finished-at="2022-01-10T13:51:54Z">
          <reporter-output>
          </reporter-output>
        </test-method> <!-- scrollToBottomTest -->
        <test-method status="FAIL" signature="tearDown()[pri:0, instance:com.qa.webtests.AmazonWebTest@568ff82]" name="tearDown" is-config="true" duration-ms="1" started-at="2022-01-10T13:51:54Z" finished-at="2022-01-10T13:51:54Z">
          <exception class="java.lang.NullPointerException">
            <full-stacktrace>
              <![CDATA[java.lang.NullPointerException
at com.qa.WebBaseTest.tearDown(WebBaseTest.java:187)
at sun.reflect.NativeMethodAccessorImpl.invoke0(Native Method)
at sun.reflect.NativeMethodAccessorImpl.invoke(NativeMethodAccessorImpl.java:62)
at sun.reflect.DelegatingMethodAccessorImpl.invoke(DelegatingMethodAccessorImpl.java:43)
at java.lang.reflect.Method.invoke(Method.java:498)
at org.testng.internal.MethodInvocationHelper.invokeMethod(MethodInvocationHelper.java:124)
at org.testng.internal.MethodInvocationHelper.invokeMethodConsideringTimeout(MethodInvocationHelper.java:59)
at org.testng.internal.Invoker.invokeConfigurationMethod(Invoker.java:458)
at org.testng.internal.Invoker.invokeConfigurations(Invoker.java:222)
at org.testng.internal.Invoker.invokeConfigurations(Invoker.java:142)
at org.testng.TestRunner.afterRun(TestRunner.java:725)
at org.testng.TestRunner.run(TestRunner.java:509)
at org.testng.SuiteRunner.runTest(SuiteRunner.java:455)
at org.testng.SuiteRunner.runSequentially(SuiteRunner.java:450)
at org.testng.SuiteRunner.privateRun(SuiteRunner.java:415)
at org.testng.SuiteRunner.run(SuiteRunner.java:364)
at org.testng.SuiteRunnerWorker.runSuite(SuiteRunnerWorker.java:52)
at org.testng.SuiteRunnerWorker.run(SuiteRunnerWorker.java:84)
at org.testng.TestNG.runSuitesSequentially(TestNG.java:1208)
at org.testng.TestNG.runSuitesLocally(TestNG.java:1137)
at org.testng.TestNG.runSuites(TestNG.java:1049)
at org.testng.TestNG.run(TestNG.java:1017)
at org.apache.maven.surefire.testng.TestNGExecutor.run(TestNGExecutor.java:284)
at org.apache.maven.surefire.testng.TestNGXmlTestSuite.execute(TestNGXmlTestSuite.java:75)
at org.apache.maven.surefire.testng.TestNGProvider.invoke(TestNGProvider.java:119)
at org.apache.maven.surefire.booter.ForkedBooter.runSuitesInProcess(ForkedBooter.java:428)
at org.apache.maven.surefire.booter.ForkedBooter.execute(ForkedBooter.java:162)
at org.apache.maven.surefire.booter.ForkedBooter.run(ForkedBooter.java:562)
at org.apache.maven.surefire.booter.ForkedBooter.main(ForkedBooter.java:548)
]]>
            </full-stacktrace>
          </exception> <!-- java.lang.NullPointerException -->
          <reporter-output>
          </reporter-output>
        </test-method> <!-- tearDown -->
      </class> <!-- com.qa.webtests.AmazonWebTest -->
    </test> <!-- Test -->
    <test name="Test1" duration-ms="38853" started-at="2022-01-10T13:51:54Z" finished-at="2022-01-10T13:52:33Z">
      <class name="com.qa.tests.ApiDemoTest">
        <test-method status="PASS" signature="beforesecondTest(java.lang.String, java.lang.String)[pri:0, instance:com.qa.tests.ApiDemoTest@482bce4f]" name="beforesecondTest" is-config="true" duration-ms="9652" started-at="2022-01-10T13:51:54Z" finished-at="2022-01-10T13:52:04Z">
          <params>
            <param index="0">
              <value>
                <![CDATA[Android]]>
              </value>
            </param>
            <param index="1">
              <value>
                <![CDATA[Any Device Name]]>
              </value>
            </param>
          </params>
          <reporter-output>
          </reporter-output>
        </test-method> <!-- beforesecondTest -->
        <test-method status="PASS" signature="beforeMethod()[pri:0, instance:com.qa.tests.ApiDemoTest@482bce4f]" name="beforeMethod" is-config="true" duration-ms="1358" started-at="2022-01-10T13:52:04Z" finished-at="2022-01-10T13:52:05Z">
          <reporter-output>
          </reporter-output>
        </test-method> <!-- beforeMethod -->
        <test-method status="PASS" signature="scrollTest()[pri:1, instance:com.qa.tests.ApiDemoTest@482bce4f]" name="scrollTest" duration-ms="10056" started-at="2022-01-10T13:52:05Z" finished-at="2022-01-10T13:52:15Z">
          <reporter-output>
          </reporter-output>
        </test-method> <!-- scrollTest -->
        <test-method status="PASS" signature="afterMethod()[pri:0, instance:com.qa.tests.ApiDemoTest@482bce4f]" name="afterMethod" is-config="true" duration-ms="1" started-at="2022-01-10T13:52:15Z" finished-at="2022-01-10T13:52:15Z">
          <reporter-output>
          </reporter-output>
        </test-method> <!-- afterMethod -->
        <test-method status="PASS" signature="beforeMethod()[pri:0, instance:com.qa.tests.ApiDemoTest@482bce4f]" name="beforeMethod" is-config="true" duration-ms="454" started-at="2022-01-10T13:52:15Z" finished-at="2022-01-10T13:52:16Z">
          <reporter-output>
          </reporter-output>
        </test-method> <!-- beforeMethod -->
        <test-method status="PASS" signature="dragandDropTest()[pri:2, instance:com.qa.tests.ApiDemoTest@482bce4f]" name="dragandDropTest" duration-ms="9154" started-at="2022-01-10T13:52:16Z" finished-at="2022-01-10T13:52:25Z">
          <reporter-output>
          </reporter-output>
        </test-method> <!-- dragandDropTest -->
        <test-method status="PASS" signature="afterMethod()[pri:0, instance:com.qa.tests.ApiDemoTest@482bce4f]" name="afterMethod" is-config="true" duration-ms="1" started-at="2022-01-10T13:52:25Z" finished-at="2022-01-10T13:52:25Z">
          <reporter-output>
          </reporter-output>
        </test-method> <!-- afterMethod -->
        <test-method status="PASS" signature="beforeMethod()[pri:0, instance:com.qa.tests.ApiDemoTest@482bce4f]" name="beforeMethod" is-config="true" duration-ms="442" started-at="2022-01-10T13:52:25Z" finished-at="2022-01-10T13:52:25Z">
          <reporter-output>
          </reporter-output>
        </test-method> <!-- beforeMethod -->
        <test-method status="PASS" signature="touchgesturesTest()[pri:3, instance:com.qa.tests.ApiDemoTest@482bce4f]" name="touchgesturesTest" duration-ms="7058" started-at="2022-01-10T13:52:25Z" finished-at="2022-01-10T13:52:32Z">
          <reporter-output>
          </reporter-output>
        </test-method> <!-- touchgesturesTest -->
        <test-method status="PASS" signature="afterMethod()[pri:0, instance:com.qa.tests.ApiDemoTest@482bce4f]" name="afterMethod" is-config="true" duration-ms="1" started-at="2022-01-10T13:52:32Z" finished-at="2022-01-10T13:52:32Z">
          <reporter-output>
          </reporter-output>
        </test-method> <!-- afterMethod -->
        <test-method status="PASS" signature="tearDown()[pri:0, instance:com.qa.tests.ApiDemoTest@482bce4f]" name="tearDown" is-config="true" duration-ms="667" started-at="2022-01-10T13:52:32Z" finished-at="2022-01-10T13:52:33Z">
          <reporter-output>
          </reporter-output>
        </test-method> <!-- tearDown -->
      </class> <!-- com.qa.tests.ApiDemoTest -->
      <class name="com.qa.webtests.AmazonWebTest">
        <test-method status="PASS" signature="beforeSuite()[pri:0, instance:com.qa.webtests.AmazonWebTest@568ff82]" name="beforeSuite" is-config="true" duration-ms="5103" started-at="2022-01-10T13:51:32Z" finished-at="2022-01-10T13:51:37Z">
          <reporter-output>
          </reporter-output>
        </test-method> <!-- beforeSuite -->
        <test-method status="PASS" signature="afterSuite()[pri:0, instance:com.qa.webtests.AmazonWebTest@568ff82]" name="afterSuite" is-config="true" duration-ms="64" started-at="2022-01-10T13:52:33Z" finished-at="2022-01-10T13:52:33Z">
          <reporter-output>
          </reporter-output>
        </test-method> <!-- afterSuite -->
      </class> <!-- com.qa.webtests.AmazonWebTest -->
    </test> <!-- Test1 -->
  </suite> <!-- Suite -->
</testng-results>
