-------------------------------------------------------------------------------
Test set: TestSuite
-------------------------------------------------------------------------------
Tests run: 7, Failures: 1, Errors: 0, Skipped: 0, Time elapsed: 65.298 s <<< FAILURE! - in TestSuite
com.qa.webtests.AmazonWebTest.tearDown  Time elapsed: 0.029 s  <<< FAILURE!
java.lang.NullPointerException

