<?xml version="1.0" encoding="UTF-8"?>
<testng-results skipped="0" failed="0" ignored="0" total="6" passed="6">
  <reporter-output>
  </reporter-output>
  <suite name="Suite" duration-ms="57080" started-at="2022-01-10T19:03:05 IST" finished-at="2022-01-10T19:04:02 IST">
    <groups>
    </groups>
    <test name="Test" duration-ms="23475" started-at="2022-01-10T19:03:05 IST" finished-at="2022-01-10T19:03:28 IST">
      <class name="com.qa.webtests.AmazonWebTest">
        <test-method status="PASS" signature="beforeTest(java.lang.String,java.lang.String,java.lang.String)[pri:0, instance:com.qa.webtests.AmazonWebTest@957e06]" name="beforeTest" is-config="true" duration-ms="20026" started-at="2022-01-10T19:03:05 IST" finished-at="2022-01-10T19:03:25 IST">
          <params>
            <param index="0">
              <value>
                <![CDATA[Android]]>
              </value>
            </param>
            <param index="1">
              <value>
                <![CDATA[Any Device Name]]>
              </value>
            </param>
            <param index="2">
              <value>
                <![CDATA[Chrome]]>
              </value>
            </param>
          </params>
          <reporter-output>
          </reporter-output>
        </test-method> <!-- beforeTest -->
        <test-method status="PASS" signature="beforeMethod()[pri:0, instance:com.qa.webtests.AmazonWebTest@957e06]" name="beforeMethod" is-config="true" duration-ms="229" started-at="2022-01-10T19:03:25 IST" finished-at="2022-01-10T19:03:25 IST">
          <reporter-output>
          </reporter-output>
        </test-method> <!-- beforeMethod -->
        <test-method status="PASS" signature="verifyAmazonLogoTest()[pri:1, instance:com.qa.webtests.AmazonWebTest@957e06]" name="verifyAmazonLogoTest" duration-ms="36" started-at="2022-01-10T19:03:25 IST" finished-at="2022-01-10T19:03:25 IST">
          <reporter-output>
          </reporter-output>
        </test-method> <!-- verifyAmazonLogoTest -->
        <test-method status="PASS" signature="beforeMethod()[pri:0, instance:com.qa.webtests.AmazonWebTest@957e06]" name="beforeMethod" is-config="true" duration-ms="5" started-at="2022-01-10T19:03:25 IST" finished-at="2022-01-10T19:03:25 IST">
          <reporter-output>
          </reporter-output>
        </test-method> <!-- beforeMethod -->
        <test-method status="PASS" signature="searchItemsandVerifyTitleTest()[pri:2, instance:com.qa.webtests.AmazonWebTest@957e06]" name="searchItemsandVerifyTitleTest" duration-ms="3036" started-at="2022-01-10T19:03:25 IST" finished-at="2022-01-10T19:03:28 IST">
          <reporter-output>
          </reporter-output>
        </test-method> <!-- searchItemsandVerifyTitleTest -->
        <test-method status="PASS" signature="beforeMethod()[pri:0, instance:com.qa.webtests.AmazonWebTest@957e06]" name="beforeMethod" is-config="true" duration-ms="4" started-at="2022-01-10T19:03:28 IST" finished-at="2022-01-10T19:03:28 IST">
          <reporter-output>
          </reporter-output>
        </test-method> <!-- beforeMethod -->
        <test-method status="PASS" signature="scrollToBottomTest()[pri:3, instance:com.qa.webtests.AmazonWebTest@957e06]" name="scrollToBottomTest" duration-ms="28" started-at="2022-01-10T19:03:28 IST" finished-at="2022-01-10T19:03:28 IST">
          <reporter-output>
          </reporter-output>
        </test-method> <!-- scrollToBottomTest -->
        <test-method status="FAIL" signature="tearDown()[pri:0, instance:com.qa.webtests.AmazonWebTest@957e06]" name="tearDown" is-config="true" duration-ms="1" started-at="2022-01-10T19:03:28 IST" finished-at="2022-01-10T19:03:28 IST">
          <exception class="java.lang.NullPointerException">
            <full-stacktrace>
              <![CDATA[java.lang.NullPointerException
at com.qa.WebBaseTest.tearDown(WebBaseTest.java:187)
at sun.reflect.NativeMethodAccessorImpl.invoke0(Native Method)
at sun.reflect.NativeMethodAccessorImpl.invoke(NativeMethodAccessorImpl.java:62)
at sun.reflect.DelegatingMethodAccessorImpl.invoke(DelegatingMethodAccessorImpl.java:43)
at java.lang.reflect.Method.invoke(Method.java:498)
at org.testng.internal.MethodInvocationHelper.invokeMethod(MethodInvocationHelper.java:133)
at org.testng.internal.MethodInvocationHelper.invokeMethodConsideringTimeout(MethodInvocationHelper.java:62)
at org.testng.internal.ConfigInvoker.invokeConfigurationMethod(ConfigInvoker.java:385)
at org.testng.internal.ConfigInvoker.invokeConfigurations(ConfigInvoker.java:321)
at org.testng.TestRunner.invokeTestConfigurations(TestRunner.java:637)
at org.testng.TestRunner.afterRun(TestRunner.java:877)
at org.testng.TestRunner.run(TestRunner.java:599)
at org.testng.SuiteRunner.runTest(SuiteRunner.java:377)
at org.testng.SuiteRunner.runSequentially(SuiteRunner.java:371)
at org.testng.SuiteRunner.privateRun(SuiteRunner.java:332)
at org.testng.SuiteRunner.run(SuiteRunner.java:276)
at org.testng.SuiteRunnerWorker.runSuite(SuiteRunnerWorker.java:53)
at org.testng.SuiteRunnerWorker.run(SuiteRunnerWorker.java:96)
at org.testng.TestNG.runSuitesSequentially(TestNG.java:1212)
at org.testng.TestNG.runSuitesLocally(TestNG.java:1134)
at org.testng.TestNG.runSuites(TestNG.java:1063)
at org.testng.TestNG.run(TestNG.java:1031)
at org.testng.remote.AbstractRemoteTestNG.run(AbstractRemoteTestNG.java:115)
at org.testng.remote.RemoteTestNG.initAndRun(RemoteTestNG.java:251)
at org.testng.remote.RemoteTestNG.main(RemoteTestNG.java:77)
]]>
            </full-stacktrace>
          </exception> <!-- java.lang.NullPointerException -->
          <reporter-output>
          </reporter-output>
        </test-method> <!-- tearDown -->
      </class> <!-- com.qa.webtests.AmazonWebTest -->
    </test> <!-- Test -->
    <test name="Test1" duration-ms="33514" started-at="2022-01-10T19:03:29 IST" finished-at="2022-01-10T19:04:02 IST">
      <class name="com.qa.tests.ApiDemoTest">
        <test-method status="PASS" signature="beforesecondTest(java.lang.String,java.lang.String)[pri:0, instance:com.qa.tests.ApiDemoTest@229c6181]" name="beforesecondTest" is-config="true" duration-ms="9838" started-at="2022-01-10T19:03:29 IST" finished-at="2022-01-10T19:03:38 IST">
          <params>
            <param index="0">
              <value>
                <![CDATA[Android]]>
              </value>
            </param>
            <param index="1">
              <value>
                <![CDATA[Any Device Name]]>
              </value>
            </param>
          </params>
          <reporter-output>
          </reporter-output>
        </test-method> <!-- beforesecondTest -->
        <test-method status="PASS" signature="beforeMethod()[pri:0, instance:com.qa.tests.ApiDemoTest@229c6181]" name="beforeMethod" is-config="true" duration-ms="328" started-at="2022-01-10T19:03:38 IST" finished-at="2022-01-10T19:03:39 IST">
          <reporter-output>
          </reporter-output>
        </test-method> <!-- beforeMethod -->
        <test-method status="PASS" signature="scrollTest()[pri:1, instance:com.qa.tests.ApiDemoTest@229c6181]" name="scrollTest" duration-ms="8491" started-at="2022-01-10T19:03:39 IST" finished-at="2022-01-10T19:03:47 IST">
          <reporter-output>
          </reporter-output>
        </test-method> <!-- scrollTest -->
        <test-method status="PASS" signature="afterMethod()[pri:0, instance:com.qa.tests.ApiDemoTest@229c6181]" name="afterMethod" is-config="true" duration-ms="0" started-at="2022-01-10T19:03:47 IST" finished-at="2022-01-10T19:03:47 IST">
          <reporter-output>
          </reporter-output>
        </test-method> <!-- afterMethod -->
        <test-method status="PASS" signature="beforeMethod()[pri:0, instance:com.qa.tests.ApiDemoTest@229c6181]" name="beforeMethod" is-config="true" duration-ms="174" started-at="2022-01-10T19:03:47 IST" finished-at="2022-01-10T19:03:47 IST">
          <reporter-output>
          </reporter-output>
        </test-method> <!-- beforeMethod -->
        <test-method status="PASS" signature="dragandDropTest()[pri:2, instance:com.qa.tests.ApiDemoTest@229c6181]" name="dragandDropTest" duration-ms="7360" started-at="2022-01-10T19:03:47 IST" finished-at="2022-01-10T19:03:55 IST">
          <reporter-output>
          </reporter-output>
        </test-method> <!-- dragandDropTest -->
        <test-method status="PASS" signature="afterMethod()[pri:0, instance:com.qa.tests.ApiDemoTest@229c6181]" name="afterMethod" is-config="true" duration-ms="1" started-at="2022-01-10T19:03:55 IST" finished-at="2022-01-10T19:03:55 IST">
          <reporter-output>
          </reporter-output>
        </test-method> <!-- afterMethod -->
        <test-method status="PASS" signature="beforeMethod()[pri:0, instance:com.qa.tests.ApiDemoTest@229c6181]" name="beforeMethod" is-config="true" duration-ms="230" started-at="2022-01-10T19:03:55 IST" finished-at="2022-01-10T19:03:55 IST">
          <reporter-output>
          </reporter-output>
        </test-method> <!-- beforeMethod -->
        <test-method status="PASS" signature="touchgesturesTest()[pri:3, instance:com.qa.tests.ApiDemoTest@229c6181]" name="touchgesturesTest" duration-ms="6609" started-at="2022-01-10T19:03:55 IST" finished-at="2022-01-10T19:04:02 IST">
          <reporter-output>
          </reporter-output>
        </test-method> <!-- touchgesturesTest -->
        <test-method status="PASS" signature="tearDown()[pri:0, instance:com.qa.tests.ApiDemoTest@229c6181]" name="tearDown" is-config="true" duration-ms="467" started-at="2022-01-10T19:04:02 IST" finished-at="2022-01-10T19:04:02 IST">
          <reporter-output>
          </reporter-output>
        </test-method> <!-- tearDown -->
        <test-method status="PASS" signature="afterMethod()[pri:0, instance:com.qa.tests.ApiDemoTest@229c6181]" name="afterMethod" is-config="true" duration-ms="0" started-at="2022-01-10T19:04:02 IST" finished-at="2022-01-10T19:04:02 IST">
          <reporter-output>
          </reporter-output>
        </test-method> <!-- afterMethod -->
      </class> <!-- com.qa.tests.ApiDemoTest -->
      <class name="com.qa.webtests.AmazonWebTest">
        <test-method status="PASS" signature="beforeSuite()[pri:0, instance:com.qa.webtests.AmazonWebTest@957e06]" name="beforeSuite" is-config="true" duration-ms="13671" started-at="2022-01-10T19:02:51 IST" finished-at="2022-01-10T19:03:05 IST">
          <reporter-output>
          </reporter-output>
        </test-method> <!-- beforeSuite -->
        <test-method status="PASS" signature="afterSuite()[pri:0, instance:com.qa.webtests.AmazonWebTest@957e06]" name="afterSuite" is-config="true" duration-ms="50" started-at="2022-01-10T19:04:02 IST" finished-at="2022-01-10T19:04:02 IST">
          <reporter-output>
          </reporter-output>
        </test-method> <!-- afterSuite -->
      </class> <!-- com.qa.webtests.AmazonWebTest -->
    </test> <!-- Test1 -->
  </suite> <!-- Suite -->
</testng-results>
