<?xml version="1.0" encoding="UTF-8"?>
<!-- Generated by org.testng.reporters.JUnitXMLReporter -->
<testsuite hostname="A2ML36196" ignored="0" name="ApiDemo" tests="3" failures="0" timestamp="27 Oct 2021 12:02:42 GMT" time="37.542" errors="0">
  <testcase name="scrollTest" time="9.145" classname="com.qa.tests.ApiDemoTest"/>
  <testcase name="dragandDropTest" time="10.937" classname="com.qa.tests.ApiDemoTest"/>
  <testcase name="touchgesturesTest" time="6.266" classname="com.qa.tests.ApiDemoTest"/>
</testsuite> <!-- ApiDemo -->
