<?xml version="1.0" encoding="UTF-8"?>
<!-- Generated by org.testng.reporters.JUnitXMLReporter -->
<testsuite hostname="A2ML36196" ignored="0" name="Test" tests="3" failures="0" timestamp="27 Oct 2021 12:02:01 GMT" time="26.244" errors="0">
  <testcase name="verifyAmazonLogoTest" time="0.194" classname="com.qa.webtests.AmazonWebTest"/>
  <testcase name="searchItemsandVerifyTitleTest" time="3.976" classname="com.qa.webtests.AmazonWebTest"/>
  <testcase name="scrollToBottomTest" time="0.816" classname="com.qa.webtests.AmazonWebTest"/>
</testsuite> <!-- Test -->
